05-05-2025 19:24:15.672 [background-preinit] [-] INFO  api-gateway-o.h.validator.internal.util.Version.<clinit> - HV000001: Hibernate Validator 8.0.1.Final
05-05-2025 19:24:15.761 [main] [-] INFO  api-gateway-c.l.c.a.ApiGatewayApplication.logStarting - Starting ApiGatewayApplication using Java 22.0.2 with PID 92454 (/Users/anshulbharadwaj/SpringBootProject/linkedin/api-gateway/target/classes started by anshulbharadwaj in /Users/anshulbharadwaj/SpringBootProject/linkedin)
05-05-2025 19:24:15.762 [main] [-] INFO  api-gateway-c.l.c.a.ApiGatewayApplication.logStartupProfileInfo - No active profile set, falling back to 1 default profile: "default"
05-05-2025 19:24:16.420 [main] [-] INFO  api-gateway-o.s.cloud.context.scope.GenericScope.setSerializationId - BeanFactory id=c0e7b2a0-fe94-3af1-853a-5365e26bf76f
05-05-2025 19:24:16.469 [main] [-] WARN  api-gateway-o.s.c.s.PostProcessorRegistrationDelegate$BeanPostProcessorChecker.postProcessAfterInitialization - Bean 'org.springframework.cloud.client.loadbalancer.LoadBalancerAutoConfiguration$DeferringLoadBalancerInterceptorConfig' of type [org.springframework.cloud.client.loadbalancer.LoadBalancerAutoConfiguration$DeferringLoadBalancerInterceptorConfig] is not eligible for getting processed by all BeanPostProcessors (for example: not eligible for auto-proxying). The currently created BeanPostProcessor [lbRestClientPostProcessor] is declared through a non-static factory method on that class; consider declaring it as static instead.
05-05-2025 19:24:16.471 [main] [-] WARN  api-gateway-o.s.c.s.PostProcessorRegistrationDelegate$BeanPostProcessorChecker.postProcessAfterInitialization - Bean 'deferringLoadBalancerInterceptor' of type [org.springframework.cloud.client.loadbalancer.DeferringLoadBalancerInterceptor] is not eligible for getting processed by all BeanPostProcessors (for example: not eligible for auto-proxying). Is this bean getting eagerly injected into a currently created BeanPostProcessor [lbRestClientPostProcessor]? Check the corresponding BeanPostProcessor declaration and its dependencies.
05-05-2025 19:24:16.473 [main] [-] WARN  api-gateway-o.s.c.s.PostProcessorRegistrationDelegate$BeanPostProcessorChecker.postProcessAfterInitialization - Bean 'org.springframework.cloud.client.loadbalancer.reactive.LoadBalancerBeanPostProcessorAutoConfiguration' of type [org.springframework.cloud.client.loadbalancer.reactive.LoadBalancerBeanPostProcessorAutoConfiguration] is not eligible for getting processed by all BeanPostProcessors (for example: not eligible for auto-proxying). The currently created BeanPostProcessor [loadBalancerWebClientBuilderBeanPostProcessor] is declared through a non-static factory method on that class; consider declaring it as static instead.
05-05-2025 19:24:16.474 [main] [-] WARN  api-gateway-o.s.c.s.PostProcessorRegistrationDelegate$BeanPostProcessorChecker.postProcessAfterInitialization - Bean 'org.springframework.cloud.client.loadbalancer.reactive.LoadBalancerBeanPostProcessorAutoConfiguration$ReactorDeferringLoadBalancerFilterConfig' of type [org.springframework.cloud.client.loadbalancer.reactive.LoadBalancerBeanPostProcessorAutoConfiguration$ReactorDeferringLoadBalancerFilterConfig] is not eligible for getting processed by all BeanPostProcessors (for example: not eligible for auto-proxying). Is this bean getting eagerly injected into a currently created BeanPostProcessor [loadBalancerWebClientBuilderBeanPostProcessor]? Check the corresponding BeanPostProcessor declaration and its dependencies.
05-05-2025 19:24:16.475 [main] [-] WARN  api-gateway-o.s.c.s.PostProcessorRegistrationDelegate$BeanPostProcessorChecker.postProcessAfterInitialization - Bean 'reactorDeferringLoadBalancerExchangeFilterFunction' of type [org.springframework.cloud.client.loadbalancer.reactive.DeferringLoadBalancerExchangeFilterFunction] is not eligible for getting processed by all BeanPostProcessors (for example: not eligible for auto-proxying). Is this bean getting eagerly injected into a currently created BeanPostProcessor [loadBalancerWebClientBuilderBeanPostProcessor]? Check the corresponding BeanPostProcessor declaration and its dependencies.
05-05-2025 19:24:16.982 [main] [-] INFO  api-gateway-o.s.c.g.r.RouteDefinitionRouteLocator.lambda$initFactories$1 - Loaded RoutePredicateFactory [After]
05-05-2025 19:24:16.983 [main] [-] INFO  api-gateway-o.s.c.g.r.RouteDefinitionRouteLocator.lambda$initFactories$1 - Loaded RoutePredicateFactory [Before]
05-05-2025 19:24:16.983 [main] [-] INFO  api-gateway-o.s.c.g.r.RouteDefinitionRouteLocator.lambda$initFactories$1 - Loaded RoutePredicateFactory [Between]
05-05-2025 19:24:16.983 [main] [-] INFO  api-gateway-o.s.c.g.r.RouteDefinitionRouteLocator.lambda$initFactories$1 - Loaded RoutePredicateFactory [Cookie]
05-05-2025 19:24:16.983 [main] [-] INFO  api-gateway-o.s.c.g.r.RouteDefinitionRouteLocator.lambda$initFactories$1 - Loaded RoutePredicateFactory [Header]
05-05-2025 19:24:16.983 [main] [-] INFO  api-gateway-o.s.c.g.r.RouteDefinitionRouteLocator.lambda$initFactories$1 - Loaded RoutePredicateFactory [Host]
05-05-2025 19:24:16.983 [main] [-] INFO  api-gateway-o.s.c.g.r.RouteDefinitionRouteLocator.lambda$initFactories$1 - Loaded RoutePredicateFactory [Method]
05-05-2025 19:24:16.983 [main] [-] INFO  api-gateway-o.s.c.g.r.RouteDefinitionRouteLocator.lambda$initFactories$1 - Loaded RoutePredicateFactory [Path]
05-05-2025 19:24:16.983 [main] [-] INFO  api-gateway-o.s.c.g.r.RouteDefinitionRouteLocator.lambda$initFactories$1 - Loaded RoutePredicateFactory [Query]
05-05-2025 19:24:16.983 [main] [-] INFO  api-gateway-o.s.c.g.r.RouteDefinitionRouteLocator.lambda$initFactories$1 - Loaded RoutePredicateFactory [ReadBody]
05-05-2025 19:24:16.983 [main] [-] INFO  api-gateway-o.s.c.g.r.RouteDefinitionRouteLocator.lambda$initFactories$1 - Loaded RoutePredicateFactory [RemoteAddr]
05-05-2025 19:24:16.983 [main] [-] INFO  api-gateway-o.s.c.g.r.RouteDefinitionRouteLocator.lambda$initFactories$1 - Loaded RoutePredicateFactory [XForwardedRemoteAddr]
05-05-2025 19:24:16.984 [main] [-] INFO  api-gateway-o.s.c.g.r.RouteDefinitionRouteLocator.lambda$initFactories$1 - Loaded RoutePredicateFactory [Weight]
05-05-2025 19:24:16.984 [main] [-] INFO  api-gateway-o.s.c.g.r.RouteDefinitionRouteLocator.lambda$initFactories$1 - Loaded RoutePredicateFactory [CloudFoundryRouteService]
05-05-2025 19:24:17.125 [main] [-] INFO  api-gateway-o.s.b.a.e.web.EndpointLinksResolver.<init> - Exposing 1 endpoint beneath base path '/actuator'
05-05-2025 19:24:17.261 [main] [-] INFO  api-gateway-o.s.c.n.e.c.DiscoveryClientOptionalArgsConfiguration.restTemplateDiscoveryClientOptionalArgs - Eureka HTTP Client uses RestTemplate.
05-05-2025 19:24:17.276 [main] [-] WARN  api-gateway-o.s.c.l.c.LoadBalancerCacheAutoConfiguration$LoadBalancerCaffeineWarnLogger.afterPropertiesSet - Spring Cloud LoadBalancer is currently working with the default cache. While this cache implementation is useful for development and tests, it's recommended to use Caffeine cache in production.You can switch to using Caffeine cache, by adding it and org.springframework.cache.caffeine.CaffeineCacheManager to the classpath.
05-05-2025 19:24:17.308 [main] [-] INFO  api-gateway-o.s.c.n.eureka.InstanceInfoFactory.create - Setting initial instance status as: STARTING
05-05-2025 19:24:17.321 [main] [-] INFO  api-gateway-c.netflix.discovery.DiscoveryClient.<init> - Initializing Eureka in region us-east-1
05-05-2025 19:24:17.325 [main] [-] INFO  api-gateway-c.n.d.s.r.aws.ConfigClusterResolver.getClusterEndpoints - Resolving eureka endpoints via configuration
05-05-2025 19:24:17.330 [main] [-] INFO  api-gateway-c.netflix.discovery.DiscoveryClient.fetchRegistry - Disable delta property : false
05-05-2025 19:24:17.331 [main] [-] INFO  api-gateway-c.netflix.discovery.DiscoveryClient.fetchRegistry - Single vip registry refresh property : null
05-05-2025 19:24:17.331 [main] [-] INFO  api-gateway-c.netflix.discovery.DiscoveryClient.fetchRegistry - Force full registry fetch : false
05-05-2025 19:24:17.331 [main] [-] INFO  api-gateway-c.netflix.discovery.DiscoveryClient.fetchRegistry - Application is null : false
05-05-2025 19:24:17.331 [main] [-] INFO  api-gateway-c.netflix.discovery.DiscoveryClient.fetchRegistry - Registered Applications size is zero : true
05-05-2025 19:24:17.331 [main] [-] INFO  api-gateway-c.netflix.discovery.DiscoveryClient.fetchRegistry - Application version is -1: true
05-05-2025 19:24:17.331 [main] [-] INFO  api-gateway-c.netflix.discovery.DiscoveryClient.getAndStoreFullRegistry - Getting all instance registry info from the eureka server
05-05-2025 19:24:17.661 [main] [-] INFO  api-gateway-c.netflix.discovery.DiscoveryClient.getAndStoreFullRegistry - The response status is 200
05-05-2025 19:24:17.662 [main] [-] INFO  api-gateway-c.netflix.discovery.DiscoveryClient.initScheduledTasks - Starting heartbeat executor: renew interval is: 30
05-05-2025 19:24:17.663 [main] [-] INFO  api-gateway-c.n.discovery.InstanceInfoReplicator.<init> - InstanceInfoReplicator onDemand update allowed rate per min is 4
05-05-2025 19:24:17.664 [main] [-] INFO  api-gateway-c.netflix.discovery.DiscoveryClient.<init> - Discovery Client initialized at timestamp 1746469457664 with initial instances count: 0
05-05-2025 19:24:17.667 [main] [-] INFO  api-gateway-o.s.c.n.e.s.EurekaServiceRegistry.register - Registering application API-GATEWAY with eureka with status UP
05-05-2025 19:24:17.667 [main] [-] INFO  api-gateway-c.netflix.discovery.DiscoveryClient.notify - Saw local status change event StatusChangeEvent [timestamp=1746469457667, current=UP, previous=STARTING]
05-05-2025 19:24:17.668 [DiscoveryClient-InstanceInfoReplicator-%d] [-] INFO  api-gateway-c.netflix.discovery.DiscoveryClient.register - DiscoveryClient_API-GATEWAY/192.168.60.175:api-gateway:8080: registering service...
05-05-2025 19:24:17.775 [DiscoveryClient-InstanceInfoReplicator-%d] [-] INFO  api-gateway-c.netflix.discovery.DiscoveryClient.register - DiscoveryClient_API-GATEWAY/192.168.60.175:api-gateway:8080 - registration status: 204
05-05-2025 19:24:17.776 [main] [-] INFO  api-gateway-o.s.b.w.e.netty.NettyWebServer.start - Netty started on port 8080 (http)
05-05-2025 19:24:17.777 [main] [-] INFO  api-gateway-o.s.c.n.e.s.EurekaAutoServiceRegistration.onApplicationEvent - Updating port to 8080
05-05-2025 19:24:17.815 [main] [-] INFO  api-gateway-c.l.c.a.ApiGatewayApplication.logStarted - Started ApiGatewayApplication in 2.547 seconds (process running for 2.87)
05-05-2025 19:24:47.669 [DiscoveryClient-CacheRefreshExecutor-%d] [-] INFO  api-gateway-c.netflix.discovery.DiscoveryClient.fetchRegistry - Disable delta property : false
05-05-2025 19:24:47.674 [DiscoveryClient-CacheRefreshExecutor-%d] [-] INFO  api-gateway-c.netflix.discovery.DiscoveryClient.fetchRegistry - Single vip registry refresh property : null
05-05-2025 19:24:47.674 [DiscoveryClient-CacheRefreshExecutor-%d] [-] INFO  api-gateway-c.netflix.discovery.DiscoveryClient.fetchRegistry - Force full registry fetch : false
05-05-2025 19:24:47.674 [DiscoveryClient-CacheRefreshExecutor-%d] [-] INFO  api-gateway-c.netflix.discovery.DiscoveryClient.fetchRegistry - Application is null : false
05-05-2025 19:24:47.674 [DiscoveryClient-CacheRefreshExecutor-%d] [-] INFO  api-gateway-c.netflix.discovery.DiscoveryClient.fetchRegistry - Registered Applications size is zero : true
05-05-2025 19:24:47.675 [DiscoveryClient-CacheRefreshExecutor-%d] [-] INFO  api-gateway-c.netflix.discovery.DiscoveryClient.fetchRegistry - Application version is -1: false
05-05-2025 19:24:47.675 [DiscoveryClient-CacheRefreshExecutor-%d] [-] INFO  api-gateway-c.netflix.discovery.DiscoveryClient.getAndStoreFullRegistry - Getting all instance registry info from the eureka server
05-05-2025 19:24:47.726 [DiscoveryClient-CacheRefreshExecutor-%d] [-] INFO  api-gateway-c.netflix.discovery.DiscoveryClient.getAndStoreFullRegistry - The response status is 200
05-05-2025 19:29:17.344 [AsyncResolver-bootstrap-executor-%d] [-] INFO  api-gateway-c.n.d.s.r.aws.ConfigClusterResolver.getClusterEndpoints - Resolving eureka endpoints via configuration
05-05-2025 19:34:17.358 [AsyncResolver-bootstrap-executor-%d] [-] INFO  api-gateway-c.n.d.s.r.aws.ConfigClusterResolver.getClusterEndpoints - Resolving eureka endpoints via configuration
05-05-2025 19:39:17.370 [AsyncResolver-bootstrap-executor-%d] [-] INFO  api-gateway-c.n.d.s.r.aws.ConfigClusterResolver.getClusterEndpoints - Resolving eureka endpoints via configuration
05-05-2025 19:44:17.385 [AsyncResolver-bootstrap-executor-%d] [-] INFO  api-gateway-c.n.d.s.r.aws.ConfigClusterResolver.getClusterEndpoints - Resolving eureka endpoints via configuration
05-05-2025 19:49:17.401 [AsyncResolver-bootstrap-executor-%d] [-] INFO  api-gateway-c.n.d.s.r.aws.ConfigClusterResolver.getClusterEndpoints - Resolving eureka endpoints via configuration
05-05-2025 19:54:17.417 [AsyncResolver-bootstrap-executor-%d] [-] INFO  api-gateway-c.n.d.s.r.aws.ConfigClusterResolver.getClusterEndpoints - Resolving eureka endpoints via configuration
05-05-2025 19:59:17.430 [AsyncResolver-bootstrap-executor-%d] [-] INFO  api-gateway-c.n.d.s.r.aws.ConfigClusterResolver.getClusterEndpoints - Resolving eureka endpoints via configuration
05-05-2025 20:04:17.444 [AsyncResolver-bootstrap-executor-%d] [-] INFO  api-gateway-c.n.d.s.r.aws.ConfigClusterResolver.getClusterEndpoints - Resolving eureka endpoints via configuration
05-05-2025 20:09:17.404 [AsyncResolver-bootstrap-executor-%d] [-] INFO  api-gateway-c.n.d.s.r.aws.ConfigClusterResolver.getClusterEndpoints - Resolving eureka endpoints via configuration
05-05-2025 20:14:17.414 [AsyncResolver-bootstrap-executor-%d] [-] INFO  api-gateway-c.n.d.s.r.aws.ConfigClusterResolver.getClusterEndpoints - Resolving eureka endpoints via configuration
05-05-2025 20:19:17.424 [AsyncResolver-bootstrap-executor-%d] [-] INFO  api-gateway-c.n.d.s.r.aws.ConfigClusterResolver.getClusterEndpoints - Resolving eureka endpoints via configuration
05-05-2025 20:24:17.431 [AsyncResolver-bootstrap-executor-%d] [-] INFO  api-gateway-c.n.d.s.r.aws.ConfigClusterResolver.getClusterEndpoints - Resolving eureka endpoints via configuration
05-05-2025 20:29:17.437 [AsyncResolver-bootstrap-executor-%d] [-] INFO  api-gateway-c.n.d.s.r.aws.ConfigClusterResolver.getClusterEndpoints - Resolving eureka endpoints via configuration
05-05-2025 20:34:17.454 [AsyncResolver-bootstrap-executor-%d] [-] INFO  api-gateway-c.n.d.s.r.aws.ConfigClusterResolver.getClusterEndpoints - Resolving eureka endpoints via configuration
05-05-2025 20:39:17.459 [AsyncResolver-bootstrap-executor-%d] [-] INFO  api-gateway-c.n.d.s.r.aws.ConfigClusterResolver.getClusterEndpoints - Resolving eureka endpoints via configuration
05-05-2025 20:44:17.465 [AsyncResolver-bootstrap-executor-%d] [-] INFO  api-gateway-c.n.d.s.r.aws.ConfigClusterResolver.getClusterEndpoints - Resolving eureka endpoints via configuration
05-05-2025 20:49:17.471 [AsyncResolver-bootstrap-executor-%d] [-] INFO  api-gateway-c.n.d.s.r.aws.ConfigClusterResolver.getClusterEndpoints - Resolving eureka endpoints via configuration
05-05-2025 20:54:17.445 [AsyncResolver-bootstrap-executor-%d] [-] INFO  api-gateway-c.n.d.s.r.aws.ConfigClusterResolver.getClusterEndpoints - Resolving eureka endpoints via configuration
05-05-2025 20:59:17.451 [AsyncResolver-bootstrap-executor-%d] [-] INFO  api-gateway-c.n.d.s.r.aws.ConfigClusterResolver.getClusterEndpoints - Resolving eureka endpoints via configuration
05-05-2025 21:04:17.455 [AsyncResolver-bootstrap-executor-%d] [-] INFO  api-gateway-c.n.d.s.r.aws.ConfigClusterResolver.getClusterEndpoints - Resolving eureka endpoints via configuration
05-05-2025 21:09:17.455 [AsyncResolver-bootstrap-executor-%d] [-] INFO  api-gateway-c.n.d.s.r.aws.ConfigClusterResolver.getClusterEndpoints - Resolving eureka endpoints via configuration
05-05-2025 21:14:17.459 [AsyncResolver-bootstrap-executor-%d] [-] INFO  api-gateway-c.n.d.s.r.aws.ConfigClusterResolver.getClusterEndpoints - Resolving eureka endpoints via configuration
05-05-2025 21:19:17.492 [AsyncResolver-bootstrap-executor-%d] [-] INFO  api-gateway-c.n.d.s.r.aws.ConfigClusterResolver.getClusterEndpoints - Resolving eureka endpoints via configuration
05-05-2025 21:24:17.501 [AsyncResolver-bootstrap-executor-%d] [-] INFO  api-gateway-c.n.d.s.r.aws.ConfigClusterResolver.getClusterEndpoints - Resolving eureka endpoints via configuration
05-05-2025 21:29:17.506 [AsyncResolver-bootstrap-executor-%d] [-] INFO  api-gateway-c.n.d.s.r.aws.ConfigClusterResolver.getClusterEndpoints - Resolving eureka endpoints via configuration
05-05-2025 21:34:17.512 [AsyncResolver-bootstrap-executor-%d] [-] INFO  api-gateway-c.n.d.s.r.aws.ConfigClusterResolver.getClusterEndpoints - Resolving eureka endpoints via configuration
05-05-2025 21:39:17.531 [AsyncResolver-bootstrap-executor-%d] [-] INFO  api-gateway-c.n.d.s.r.aws.ConfigClusterResolver.getClusterEndpoints - Resolving eureka endpoints via configuration
05-05-2025 21:44:17.539 [AsyncResolver-bootstrap-executor-%d] [-] INFO  api-gateway-c.n.d.s.r.aws.ConfigClusterResolver.getClusterEndpoints - Resolving eureka endpoints via configuration
05-05-2025 21:49:17.547 [AsyncResolver-bootstrap-executor-%d] [-] INFO  api-gateway-c.n.d.s.r.aws.ConfigClusterResolver.getClusterEndpoints - Resolving eureka endpoints via configuration
05-05-2025 21:54:17.556 [AsyncResolver-bootstrap-executor-%d] [-] INFO  api-gateway-c.n.d.s.r.aws.ConfigClusterResolver.getClusterEndpoints - Resolving eureka endpoints via configuration
05-05-2025 21:59:17.565 [AsyncResolver-bootstrap-executor-%d] [-] INFO  api-gateway-c.n.d.s.r.aws.ConfigClusterResolver.getClusterEndpoints - Resolving eureka endpoints via configuration
05-05-2025 22:04:17.573 [AsyncResolver-bootstrap-executor-%d] [-] INFO  api-gateway-c.n.d.s.r.aws.ConfigClusterResolver.getClusterEndpoints - Resolving eureka endpoints via configuration
05-05-2025 22:09:17.581 [AsyncResolver-bootstrap-executor-%d] [-] INFO  api-gateway-c.n.d.s.r.aws.ConfigClusterResolver.getClusterEndpoints - Resolving eureka endpoints via configuration
05-05-2025 22:14:17.588 [AsyncResolver-bootstrap-executor-%d] [-] INFO  api-gateway-c.n.d.s.r.aws.ConfigClusterResolver.getClusterEndpoints - Resolving eureka endpoints via configuration
05-05-2025 22:19:17.593 [AsyncResolver-bootstrap-executor-%d] [-] INFO  api-gateway-c.n.d.s.r.aws.ConfigClusterResolver.getClusterEndpoints - Resolving eureka endpoints via configuration
05-05-2025 22:24:17.598 [AsyncResolver-bootstrap-executor-%d] [-] INFO  api-gateway-c.n.d.s.r.aws.ConfigClusterResolver.getClusterEndpoints - Resolving eureka endpoints via configuration
05-05-2025 22:29:17.606 [AsyncResolver-bootstrap-executor-%d] [-] INFO  api-gateway-c.n.d.s.r.aws.ConfigClusterResolver.getClusterEndpoints - Resolving eureka endpoints via configuration
05-05-2025 22:34:17.614 [AsyncResolver-bootstrap-executor-%d] [-] INFO  api-gateway-c.n.d.s.r.aws.ConfigClusterResolver.getClusterEndpoints - Resolving eureka endpoints via configuration
05-05-2025 22:39:17.622 [AsyncResolver-bootstrap-executor-%d] [-] INFO  api-gateway-c.n.d.s.r.aws.ConfigClusterResolver.getClusterEndpoints - Resolving eureka endpoints via configuration
05-05-2025 22:44:17.628 [AsyncResolver-bootstrap-executor-%d] [-] INFO  api-gateway-c.n.d.s.r.aws.ConfigClusterResolver.getClusterEndpoints - Resolving eureka endpoints via configuration
05-05-2025 22:49:17.638 [AsyncResolver-bootstrap-executor-%d] [-] INFO  api-gateway-c.n.d.s.r.aws.ConfigClusterResolver.getClusterEndpoints - Resolving eureka endpoints via configuration
05-05-2025 22:54:17.645 [AsyncResolver-bootstrap-executor-%d] [-] INFO  api-gateway-c.n.d.s.r.aws.ConfigClusterResolver.getClusterEndpoints - Resolving eureka endpoints via configuration
05-05-2025 22:59:17.654 [AsyncResolver-bootstrap-executor-%d] [-] INFO  api-gateway-c.n.d.s.r.aws.ConfigClusterResolver.getClusterEndpoints - Resolving eureka endpoints via configuration
05-05-2025 23:04:17.663 [AsyncResolver-bootstrap-executor-%d] [-] INFO  api-gateway-c.n.d.s.r.aws.ConfigClusterResolver.getClusterEndpoints - Resolving eureka endpoints via configuration
05-05-2025 23:09:17.671 [AsyncResolver-bootstrap-executor-%d] [-] INFO  api-gateway-c.n.d.s.r.aws.ConfigClusterResolver.getClusterEndpoints - Resolving eureka endpoints via configuration
05-05-2025 23:14:17.676 [AsyncResolver-bootstrap-executor-%d] [-] INFO  api-gateway-c.n.d.s.r.aws.ConfigClusterResolver.getClusterEndpoints - Resolving eureka endpoints via configuration
05-05-2025 23:19:17.671 [AsyncResolver-bootstrap-executor-%d] [-] INFO  api-gateway-c.n.d.s.r.aws.ConfigClusterResolver.getClusterEndpoints - Resolving eureka endpoints via configuration
05-05-2025 23:24:17.679 [AsyncResolver-bootstrap-executor-%d] [-] INFO  api-gateway-c.n.d.s.r.aws.ConfigClusterResolver.getClusterEndpoints - Resolving eureka endpoints via configuration
05-05-2025 23:29:17.688 [AsyncResolver-bootstrap-executor-%d] [-] INFO  api-gateway-c.n.d.s.r.aws.ConfigClusterResolver.getClusterEndpoints - Resolving eureka endpoints via configuration
05-05-2025 23:34:17.693 [AsyncResolver-bootstrap-executor-%d] [-] INFO  api-gateway-c.n.d.s.r.aws.ConfigClusterResolver.getClusterEndpoints - Resolving eureka endpoints via configuration
05-05-2025 23:39:17.697 [AsyncResolver-bootstrap-executor-%d] [-] INFO  api-gateway-c.n.d.s.r.aws.ConfigClusterResolver.getClusterEndpoints - Resolving eureka endpoints via configuration
05-05-2025 23:44:17.701 [AsyncResolver-bootstrap-executor-%d] [-] INFO  api-gateway-c.n.d.s.r.aws.ConfigClusterResolver.getClusterEndpoints - Resolving eureka endpoints via configuration
05-05-2025 23:49:17.708 [AsyncResolver-bootstrap-executor-%d] [-] INFO  api-gateway-c.n.d.s.r.aws.ConfigClusterResolver.getClusterEndpoints - Resolving eureka endpoints via configuration
05-05-2025 23:54:17.715 [AsyncResolver-bootstrap-executor-%d] [-] INFO  api-gateway-c.n.d.s.r.aws.ConfigClusterResolver.getClusterEndpoints - Resolving eureka endpoints via configuration
05-05-2025 23:59:17.717 [AsyncResolver-bootstrap-executor-%d] [-] INFO  api-gateway-c.n.d.s.r.aws.ConfigClusterResolver.getClusterEndpoints - Resolving eureka endpoints via configuration
