12-05-2025 22:14:53.434 [background-preinit] [-] INFO  api-gateway-o.h.validator.internal.util.Version.<clinit> - HV000001: Hibernate Validator 8.0.1.Final
12-05-2025 22:14:53.528 [main] [-] INFO  api-gateway-c.l.c.a.ApiGatewayApplication.logStarting - Starting ApiGatewayApplication using Java 22.0.2 with PID 25140 (/Users/anshulbharadwaj/SpringBootProject/linkedin/api-gateway/target/classes started by anshulbharadwaj in /Users/anshulbharadwaj/SpringBootProject/linkedin)
12-05-2025 22:14:53.528 [main] [-] INFO  api-gateway-c.l.c.a.ApiGatewayApplication.logStartupProfileInfo - No active profile set, falling back to 1 default profile: "default"
12-05-2025 22:14:54.214 [main] [-] INFO  api-gateway-o.s.cloud.context.scope.GenericScope.setSerializationId - BeanFactory id=c0e7b2a0-fe94-3af1-853a-5365e26bf76f
12-05-2025 22:14:54.256 [main] [-] WARN  api-gateway-o.s.c.s.PostProcessorRegistrationDelegate$BeanPostProcessorChecker.postProcessAfterInitialization - Bean 'org.springframework.cloud.client.loadbalancer.LoadBalancerAutoConfiguration$DeferringLoadBalancerInterceptorConfig' of type [org.springframework.cloud.client.loadbalancer.LoadBalancerAutoConfiguration$DeferringLoadBalancerInterceptorConfig] is not eligible for getting processed by all BeanPostProcessors (for example: not eligible for auto-proxying). The currently created BeanPostProcessor [lbRestClientPostProcessor] is declared through a non-static factory method on that class; consider declaring it as static instead.
12-05-2025 22:14:54.258 [main] [-] WARN  api-gateway-o.s.c.s.PostProcessorRegistrationDelegate$BeanPostProcessorChecker.postProcessAfterInitialization - Bean 'deferringLoadBalancerInterceptor' of type [org.springframework.cloud.client.loadbalancer.DeferringLoadBalancerInterceptor] is not eligible for getting processed by all BeanPostProcessors (for example: not eligible for auto-proxying). Is this bean getting eagerly injected into a currently created BeanPostProcessor [lbRestClientPostProcessor]? Check the corresponding BeanPostProcessor declaration and its dependencies.
12-05-2025 22:14:54.259 [main] [-] WARN  api-gateway-o.s.c.s.PostProcessorRegistrationDelegate$BeanPostProcessorChecker.postProcessAfterInitialization - Bean 'org.springframework.cloud.client.loadbalancer.reactive.LoadBalancerBeanPostProcessorAutoConfiguration' of type [org.springframework.cloud.client.loadbalancer.reactive.LoadBalancerBeanPostProcessorAutoConfiguration] is not eligible for getting processed by all BeanPostProcessors (for example: not eligible for auto-proxying). The currently created BeanPostProcessor [loadBalancerWebClientBuilderBeanPostProcessor] is declared through a non-static factory method on that class; consider declaring it as static instead.
12-05-2025 22:14:54.260 [main] [-] WARN  api-gateway-o.s.c.s.PostProcessorRegistrationDelegate$BeanPostProcessorChecker.postProcessAfterInitialization - Bean 'org.springframework.cloud.client.loadbalancer.reactive.LoadBalancerBeanPostProcessorAutoConfiguration$ReactorDeferringLoadBalancerFilterConfig' of type [org.springframework.cloud.client.loadbalancer.reactive.LoadBalancerBeanPostProcessorAutoConfiguration$ReactorDeferringLoadBalancerFilterConfig] is not eligible for getting processed by all BeanPostProcessors (for example: not eligible for auto-proxying). Is this bean getting eagerly injected into a currently created BeanPostProcessor [loadBalancerWebClientBuilderBeanPostProcessor]? Check the corresponding BeanPostProcessor declaration and its dependencies.
12-05-2025 22:14:54.263 [main] [-] WARN  api-gateway-o.s.c.s.PostProcessorRegistrationDelegate$BeanPostProcessorChecker.postProcessAfterInitialization - Bean 'reactorDeferringLoadBalancerExchangeFilterFunction' of type [org.springframework.cloud.client.loadbalancer.reactive.DeferringLoadBalancerExchangeFilterFunction] is not eligible for getting processed by all BeanPostProcessors (for example: not eligible for auto-proxying). Is this bean getting eagerly injected into a currently created BeanPostProcessor [loadBalancerWebClientBuilderBeanPostProcessor]? Check the corresponding BeanPostProcessor declaration and its dependencies.
12-05-2025 22:14:54.787 [main] [-] INFO  api-gateway-o.s.c.g.r.RouteDefinitionRouteLocator.lambda$initFactories$1 - Loaded RoutePredicateFactory [After]
12-05-2025 22:14:54.788 [main] [-] INFO  api-gateway-o.s.c.g.r.RouteDefinitionRouteLocator.lambda$initFactories$1 - Loaded RoutePredicateFactory [Before]
12-05-2025 22:14:54.788 [main] [-] INFO  api-gateway-o.s.c.g.r.RouteDefinitionRouteLocator.lambda$initFactories$1 - Loaded RoutePredicateFactory [Between]
12-05-2025 22:14:54.788 [main] [-] INFO  api-gateway-o.s.c.g.r.RouteDefinitionRouteLocator.lambda$initFactories$1 - Loaded RoutePredicateFactory [Cookie]
12-05-2025 22:14:54.788 [main] [-] INFO  api-gateway-o.s.c.g.r.RouteDefinitionRouteLocator.lambda$initFactories$1 - Loaded RoutePredicateFactory [Header]
12-05-2025 22:14:54.788 [main] [-] INFO  api-gateway-o.s.c.g.r.RouteDefinitionRouteLocator.lambda$initFactories$1 - Loaded RoutePredicateFactory [Host]
12-05-2025 22:14:54.788 [main] [-] INFO  api-gateway-o.s.c.g.r.RouteDefinitionRouteLocator.lambda$initFactories$1 - Loaded RoutePredicateFactory [Method]
12-05-2025 22:14:54.788 [main] [-] INFO  api-gateway-o.s.c.g.r.RouteDefinitionRouteLocator.lambda$initFactories$1 - Loaded RoutePredicateFactory [Path]
12-05-2025 22:14:54.788 [main] [-] INFO  api-gateway-o.s.c.g.r.RouteDefinitionRouteLocator.lambda$initFactories$1 - Loaded RoutePredicateFactory [Query]
12-05-2025 22:14:54.788 [main] [-] INFO  api-gateway-o.s.c.g.r.RouteDefinitionRouteLocator.lambda$initFactories$1 - Loaded RoutePredicateFactory [ReadBody]
12-05-2025 22:14:54.788 [main] [-] INFO  api-gateway-o.s.c.g.r.RouteDefinitionRouteLocator.lambda$initFactories$1 - Loaded RoutePredicateFactory [RemoteAddr]
12-05-2025 22:14:54.788 [main] [-] INFO  api-gateway-o.s.c.g.r.RouteDefinitionRouteLocator.lambda$initFactories$1 - Loaded RoutePredicateFactory [XForwardedRemoteAddr]
12-05-2025 22:14:54.789 [main] [-] INFO  api-gateway-o.s.c.g.r.RouteDefinitionRouteLocator.lambda$initFactories$1 - Loaded RoutePredicateFactory [Weight]
12-05-2025 22:14:54.789 [main] [-] INFO  api-gateway-o.s.c.g.r.RouteDefinitionRouteLocator.lambda$initFactories$1 - Loaded RoutePredicateFactory [CloudFoundryRouteService]
12-05-2025 22:14:54.978 [main] [-] INFO  api-gateway-o.s.b.a.e.web.EndpointLinksResolver.<init> - Exposing 1 endpoint beneath base path '/actuator'
12-05-2025 22:14:55.147 [main] [-] INFO  api-gateway-o.s.c.n.e.c.DiscoveryClientOptionalArgsConfiguration.restTemplateDiscoveryClientOptionalArgs - Eureka HTTP Client uses RestTemplate.
12-05-2025 22:14:55.164 [main] [-] WARN  api-gateway-o.s.c.l.c.LoadBalancerCacheAutoConfiguration$LoadBalancerCaffeineWarnLogger.afterPropertiesSet - Spring Cloud LoadBalancer is currently working with the default cache. While this cache implementation is useful for development and tests, it's recommended to use Caffeine cache in production.You can switch to using Caffeine cache, by adding it and org.springframework.cache.caffeine.CaffeineCacheManager to the classpath.
12-05-2025 22:14:55.200 [main] [-] INFO  api-gateway-o.s.c.n.eureka.InstanceInfoFactory.create - Setting initial instance status as: STARTING
12-05-2025 22:14:55.213 [main] [-] INFO  api-gateway-c.netflix.discovery.DiscoveryClient.<init> - Initializing Eureka in region us-east-1
12-05-2025 22:14:55.216 [main] [-] INFO  api-gateway-c.n.d.s.r.aws.ConfigClusterResolver.getClusterEndpoints - Resolving eureka endpoints via configuration
12-05-2025 22:14:55.221 [main] [-] INFO  api-gateway-c.netflix.discovery.DiscoveryClient.fetchRegistry - Disable delta property : false
12-05-2025 22:14:55.221 [main] [-] INFO  api-gateway-c.netflix.discovery.DiscoveryClient.fetchRegistry - Single vip registry refresh property : null
12-05-2025 22:14:55.221 [main] [-] INFO  api-gateway-c.netflix.discovery.DiscoveryClient.fetchRegistry - Force full registry fetch : false
12-05-2025 22:14:55.221 [main] [-] INFO  api-gateway-c.netflix.discovery.DiscoveryClient.fetchRegistry - Application is null : false
12-05-2025 22:14:55.221 [main] [-] INFO  api-gateway-c.netflix.discovery.DiscoveryClient.fetchRegistry - Registered Applications size is zero : true
12-05-2025 22:14:55.221 [main] [-] INFO  api-gateway-c.netflix.discovery.DiscoveryClient.fetchRegistry - Application version is -1: true
12-05-2025 22:14:55.222 [main] [-] INFO  api-gateway-c.netflix.discovery.DiscoveryClient.getAndStoreFullRegistry - Getting all instance registry info from the eureka server
12-05-2025 22:14:55.685 [main] [-] INFO  api-gateway-c.netflix.discovery.DiscoveryClient.getAndStoreFullRegistry - The response status is 200
12-05-2025 22:14:55.686 [main] [-] INFO  api-gateway-c.netflix.discovery.DiscoveryClient.initScheduledTasks - Starting heartbeat executor: renew interval is: 30
12-05-2025 22:14:55.700 [main] [-] INFO  api-gateway-c.n.discovery.InstanceInfoReplicator.<init> - InstanceInfoReplicator onDemand update allowed rate per min is 4
12-05-2025 22:14:55.702 [main] [-] INFO  api-gateway-c.netflix.discovery.DiscoveryClient.<init> - Discovery Client initialized at timestamp 1747084495701 with initial instances count: 0
12-05-2025 22:14:55.705 [main] [-] INFO  api-gateway-o.s.c.n.e.s.EurekaServiceRegistry.register - Registering application API-GATEWAY with eureka with status UP
12-05-2025 22:14:55.705 [main] [-] INFO  api-gateway-c.netflix.discovery.DiscoveryClient.notify - Saw local status change event StatusChangeEvent [timestamp=1747084495705, current=UP, previous=STARTING]
12-05-2025 22:14:55.706 [DiscoveryClient-InstanceInfoReplicator-%d] [-] INFO  api-gateway-c.netflix.discovery.DiscoveryClient.register - DiscoveryClient_API-GATEWAY/192.168.60.175:api-gateway:8080: registering service...
12-05-2025 22:14:55.796 [DiscoveryClient-InstanceInfoReplicator-%d] [-] INFO  api-gateway-c.netflix.discovery.DiscoveryClient.register - DiscoveryClient_API-GATEWAY/192.168.60.175:api-gateway:8080 - registration status: 204
12-05-2025 22:14:55.806 [main] [-] INFO  api-gateway-o.s.b.w.e.netty.NettyWebServer.start - Netty started on port 8080 (http)
12-05-2025 22:14:55.808 [main] [-] INFO  api-gateway-o.s.c.n.e.s.EurekaAutoServiceRegistration.onApplicationEvent - Updating port to 8080
12-05-2025 22:14:55.838 [main] [-] INFO  api-gateway-c.l.c.a.ApiGatewayApplication.logStarted - Started ApiGatewayApplication in 2.835 seconds (process running for 3.245)
12-05-2025 22:15:25.703 [DiscoveryClient-CacheRefreshExecutor-%d] [-] INFO  api-gateway-c.netflix.discovery.DiscoveryClient.fetchRegistry - Disable delta property : false
12-05-2025 22:15:25.705 [DiscoveryClient-CacheRefreshExecutor-%d] [-] INFO  api-gateway-c.netflix.discovery.DiscoveryClient.fetchRegistry - Single vip registry refresh property : null
12-05-2025 22:15:25.706 [DiscoveryClient-CacheRefreshExecutor-%d] [-] INFO  api-gateway-c.netflix.discovery.DiscoveryClient.fetchRegistry - Force full registry fetch : false
12-05-2025 22:15:25.706 [DiscoveryClient-CacheRefreshExecutor-%d] [-] INFO  api-gateway-c.netflix.discovery.DiscoveryClient.fetchRegistry - Application is null : false
12-05-2025 22:15:25.706 [DiscoveryClient-CacheRefreshExecutor-%d] [-] INFO  api-gateway-c.netflix.discovery.DiscoveryClient.fetchRegistry - Registered Applications size is zero : true
12-05-2025 22:15:25.706 [DiscoveryClient-CacheRefreshExecutor-%d] [-] INFO  api-gateway-c.netflix.discovery.DiscoveryClient.fetchRegistry - Application version is -1: false
12-05-2025 22:15:25.706 [DiscoveryClient-CacheRefreshExecutor-%d] [-] INFO  api-gateway-c.netflix.discovery.DiscoveryClient.getAndStoreFullRegistry - Getting all instance registry info from the eureka server
12-05-2025 22:15:25.761 [DiscoveryClient-CacheRefreshExecutor-%d] [-] INFO  api-gateway-c.netflix.discovery.DiscoveryClient.getAndStoreFullRegistry - The response status is 200
12-05-2025 22:19:55.227 [AsyncResolver-bootstrap-executor-%d] [-] INFO  api-gateway-c.n.d.s.r.aws.ConfigClusterResolver.getClusterEndpoints - Resolving eureka endpoints via configuration
12-05-2025 22:21:24.314 [SpringApplicationShutdownHook] [-] INFO  api-gateway-o.s.c.n.e.s.EurekaServiceRegistry.deregister - Unregistering application API-GATEWAY with eureka with status DOWN
12-05-2025 22:21:24.317 [SpringApplicationShutdownHook] [-] INFO  api-gateway-c.netflix.discovery.DiscoveryClient.notify - Saw local status change event StatusChangeEvent [timestamp=1747084884317, current=DOWN, previous=UP]
12-05-2025 22:21:24.319 [DiscoveryClient-InstanceInfoReplicator-%d] [-] INFO  api-gateway-c.netflix.discovery.DiscoveryClient.register - DiscoveryClient_API-GATEWAY/192.168.60.175:api-gateway:8080: registering service...
12-05-2025 22:21:24.501 [DiscoveryClient-InstanceInfoReplicator-%d] [-] INFO  api-gateway-c.netflix.discovery.DiscoveryClient.register - DiscoveryClient_API-GATEWAY/192.168.60.175:api-gateway:8080 - registration status: 204
12-05-2025 22:21:26.428 [SpringApplicationShutdownHook] [-] INFO  api-gateway-c.netflix.discovery.DiscoveryClient.shutdown - Shutting down DiscoveryClient ...
12-05-2025 22:21:29.435 [SpringApplicationShutdownHook] [-] INFO  api-gateway-c.netflix.discovery.DiscoveryClient.unregister - Unregistering ...
12-05-2025 22:21:29.452 [SpringApplicationShutdownHook] [-] INFO  api-gateway-c.netflix.discovery.DiscoveryClient.unregister - DiscoveryClient_API-GATEWAY/192.168.60.175:api-gateway:8080 - deregister  status: 200
12-05-2025 22:21:29.453 [SpringApplicationShutdownHook] [-] INFO  api-gateway-c.netflix.discovery.DiscoveryClient.shutdown - Completed shut down of DiscoveryClient
12-05-2025 22:21:30.873 [background-preinit] [-] INFO  api-gateway-o.h.validator.internal.util.Version.<clinit> - HV000001: Hibernate Validator 8.0.1.Final
12-05-2025 22:21:30.953 [main] [-] INFO  api-gateway-c.l.c.a.ApiGatewayApplication.logStarting - Starting ApiGatewayApplication using Java 22.0.2 with PID 27273 (/Users/anshulbharadwaj/SpringBootProject/linkedin/api-gateway/target/classes started by anshulbharadwaj in /Users/anshulbharadwaj/SpringBootProject/linkedin)
12-05-2025 22:21:30.953 [main] [-] INFO  api-gateway-c.l.c.a.ApiGatewayApplication.logStartupProfileInfo - No active profile set, falling back to 1 default profile: "default"
12-05-2025 22:21:31.611 [main] [-] INFO  api-gateway-o.s.cloud.context.scope.GenericScope.setSerializationId - BeanFactory id=c0e7b2a0-fe94-3af1-853a-5365e26bf76f
12-05-2025 22:21:31.659 [main] [-] WARN  api-gateway-o.s.c.s.PostProcessorRegistrationDelegate$BeanPostProcessorChecker.postProcessAfterInitialization - Bean 'org.springframework.cloud.client.loadbalancer.LoadBalancerAutoConfiguration$DeferringLoadBalancerInterceptorConfig' of type [org.springframework.cloud.client.loadbalancer.LoadBalancerAutoConfiguration$DeferringLoadBalancerInterceptorConfig] is not eligible for getting processed by all BeanPostProcessors (for example: not eligible for auto-proxying). The currently created BeanPostProcessor [lbRestClientPostProcessor] is declared through a non-static factory method on that class; consider declaring it as static instead.
12-05-2025 22:21:31.661 [main] [-] WARN  api-gateway-o.s.c.s.PostProcessorRegistrationDelegate$BeanPostProcessorChecker.postProcessAfterInitialization - Bean 'deferringLoadBalancerInterceptor' of type [org.springframework.cloud.client.loadbalancer.DeferringLoadBalancerInterceptor] is not eligible for getting processed by all BeanPostProcessors (for example: not eligible for auto-proxying). Is this bean getting eagerly injected into a currently created BeanPostProcessor [lbRestClientPostProcessor]? Check the corresponding BeanPostProcessor declaration and its dependencies.
12-05-2025 22:21:31.663 [main] [-] WARN  api-gateway-o.s.c.s.PostProcessorRegistrationDelegate$BeanPostProcessorChecker.postProcessAfterInitialization - Bean 'org.springframework.cloud.client.loadbalancer.reactive.LoadBalancerBeanPostProcessorAutoConfiguration' of type [org.springframework.cloud.client.loadbalancer.reactive.LoadBalancerBeanPostProcessorAutoConfiguration] is not eligible for getting processed by all BeanPostProcessors (for example: not eligible for auto-proxying). The currently created BeanPostProcessor [loadBalancerWebClientBuilderBeanPostProcessor] is declared through a non-static factory method on that class; consider declaring it as static instead.
12-05-2025 22:21:31.663 [main] [-] WARN  api-gateway-o.s.c.s.PostProcessorRegistrationDelegate$BeanPostProcessorChecker.postProcessAfterInitialization - Bean 'org.springframework.cloud.client.loadbalancer.reactive.LoadBalancerBeanPostProcessorAutoConfiguration$ReactorDeferringLoadBalancerFilterConfig' of type [org.springframework.cloud.client.loadbalancer.reactive.LoadBalancerBeanPostProcessorAutoConfiguration$ReactorDeferringLoadBalancerFilterConfig] is not eligible for getting processed by all BeanPostProcessors (for example: not eligible for auto-proxying). Is this bean getting eagerly injected into a currently created BeanPostProcessor [loadBalancerWebClientBuilderBeanPostProcessor]? Check the corresponding BeanPostProcessor declaration and its dependencies.
12-05-2025 22:21:31.664 [main] [-] WARN  api-gateway-o.s.c.s.PostProcessorRegistrationDelegate$BeanPostProcessorChecker.postProcessAfterInitialization - Bean 'reactorDeferringLoadBalancerExchangeFilterFunction' of type [org.springframework.cloud.client.loadbalancer.reactive.DeferringLoadBalancerExchangeFilterFunction] is not eligible for getting processed by all BeanPostProcessors (for example: not eligible for auto-proxying). Is this bean getting eagerly injected into a currently created BeanPostProcessor [loadBalancerWebClientBuilderBeanPostProcessor]? Check the corresponding BeanPostProcessor declaration and its dependencies.
12-05-2025 22:21:32.158 [main] [-] INFO  api-gateway-o.s.c.g.r.RouteDefinitionRouteLocator.lambda$initFactories$1 - Loaded RoutePredicateFactory [After]
12-05-2025 22:21:32.158 [main] [-] INFO  api-gateway-o.s.c.g.r.RouteDefinitionRouteLocator.lambda$initFactories$1 - Loaded RoutePredicateFactory [Before]
12-05-2025 22:21:32.158 [main] [-] INFO  api-gateway-o.s.c.g.r.RouteDefinitionRouteLocator.lambda$initFactories$1 - Loaded RoutePredicateFactory [Between]
12-05-2025 22:21:32.158 [main] [-] INFO  api-gateway-o.s.c.g.r.RouteDefinitionRouteLocator.lambda$initFactories$1 - Loaded RoutePredicateFactory [Cookie]
12-05-2025 22:21:32.158 [main] [-] INFO  api-gateway-o.s.c.g.r.RouteDefinitionRouteLocator.lambda$initFactories$1 - Loaded RoutePredicateFactory [Header]
12-05-2025 22:21:32.158 [main] [-] INFO  api-gateway-o.s.c.g.r.RouteDefinitionRouteLocator.lambda$initFactories$1 - Loaded RoutePredicateFactory [Host]
12-05-2025 22:21:32.158 [main] [-] INFO  api-gateway-o.s.c.g.r.RouteDefinitionRouteLocator.lambda$initFactories$1 - Loaded RoutePredicateFactory [Method]
12-05-2025 22:21:32.159 [main] [-] INFO  api-gateway-o.s.c.g.r.RouteDefinitionRouteLocator.lambda$initFactories$1 - Loaded RoutePredicateFactory [Path]
12-05-2025 22:21:32.159 [main] [-] INFO  api-gateway-o.s.c.g.r.RouteDefinitionRouteLocator.lambda$initFactories$1 - Loaded RoutePredicateFactory [Query]
12-05-2025 22:21:32.159 [main] [-] INFO  api-gateway-o.s.c.g.r.RouteDefinitionRouteLocator.lambda$initFactories$1 - Loaded RoutePredicateFactory [ReadBody]
12-05-2025 22:21:32.159 [main] [-] INFO  api-gateway-o.s.c.g.r.RouteDefinitionRouteLocator.lambda$initFactories$1 - Loaded RoutePredicateFactory [RemoteAddr]
12-05-2025 22:21:32.159 [main] [-] INFO  api-gateway-o.s.c.g.r.RouteDefinitionRouteLocator.lambda$initFactories$1 - Loaded RoutePredicateFactory [XForwardedRemoteAddr]
12-05-2025 22:21:32.159 [main] [-] INFO  api-gateway-o.s.c.g.r.RouteDefinitionRouteLocator.lambda$initFactories$1 - Loaded RoutePredicateFactory [Weight]
12-05-2025 22:21:32.159 [main] [-] INFO  api-gateway-o.s.c.g.r.RouteDefinitionRouteLocator.lambda$initFactories$1 - Loaded RoutePredicateFactory [CloudFoundryRouteService]
12-05-2025 22:21:32.320 [main] [-] INFO  api-gateway-o.s.b.a.e.web.EndpointLinksResolver.<init> - Exposing 1 endpoint beneath base path '/actuator'
12-05-2025 22:21:32.451 [main] [-] INFO  api-gateway-o.s.c.n.e.c.DiscoveryClientOptionalArgsConfiguration.restTemplateDiscoveryClientOptionalArgs - Eureka HTTP Client uses RestTemplate.
12-05-2025 22:21:32.467 [main] [-] WARN  api-gateway-o.s.c.l.c.LoadBalancerCacheAutoConfiguration$LoadBalancerCaffeineWarnLogger.afterPropertiesSet - Spring Cloud LoadBalancer is currently working with the default cache. While this cache implementation is useful for development and tests, it's recommended to use Caffeine cache in production.You can switch to using Caffeine cache, by adding it and org.springframework.cache.caffeine.CaffeineCacheManager to the classpath.
12-05-2025 22:21:32.505 [main] [-] INFO  api-gateway-o.s.c.n.eureka.InstanceInfoFactory.create - Setting initial instance status as: STARTING
12-05-2025 22:21:32.519 [main] [-] INFO  api-gateway-c.netflix.discovery.DiscoveryClient.<init> - Initializing Eureka in region us-east-1
12-05-2025 22:21:32.521 [main] [-] INFO  api-gateway-c.n.d.s.r.aws.ConfigClusterResolver.getClusterEndpoints - Resolving eureka endpoints via configuration
12-05-2025 22:21:32.525 [main] [-] INFO  api-gateway-c.netflix.discovery.DiscoveryClient.fetchRegistry - Disable delta property : false
12-05-2025 22:21:32.525 [main] [-] INFO  api-gateway-c.netflix.discovery.DiscoveryClient.fetchRegistry - Single vip registry refresh property : null
12-05-2025 22:21:32.525 [main] [-] INFO  api-gateway-c.netflix.discovery.DiscoveryClient.fetchRegistry - Force full registry fetch : false
12-05-2025 22:21:32.526 [main] [-] INFO  api-gateway-c.netflix.discovery.DiscoveryClient.fetchRegistry - Application is null : false
12-05-2025 22:21:32.526 [main] [-] INFO  api-gateway-c.netflix.discovery.DiscoveryClient.fetchRegistry - Registered Applications size is zero : true
12-05-2025 22:21:32.526 [main] [-] INFO  api-gateway-c.netflix.discovery.DiscoveryClient.fetchRegistry - Application version is -1: true
12-05-2025 22:21:32.526 [main] [-] INFO  api-gateway-c.netflix.discovery.DiscoveryClient.getAndStoreFullRegistry - Getting all instance registry info from the eureka server
12-05-2025 22:21:32.767 [main] [-] INFO  api-gateway-c.netflix.discovery.DiscoveryClient.getAndStoreFullRegistry - The response status is 200
12-05-2025 22:21:32.769 [main] [-] INFO  api-gateway-c.netflix.discovery.DiscoveryClient.initScheduledTasks - Starting heartbeat executor: renew interval is: 30
12-05-2025 22:21:32.770 [main] [-] INFO  api-gateway-c.n.discovery.InstanceInfoReplicator.<init> - InstanceInfoReplicator onDemand update allowed rate per min is 4
12-05-2025 22:21:32.771 [main] [-] INFO  api-gateway-c.netflix.discovery.DiscoveryClient.<init> - Discovery Client initialized at timestamp 1747084892770 with initial instances count: 1
12-05-2025 22:21:32.774 [main] [-] INFO  api-gateway-o.s.c.n.e.s.EurekaServiceRegistry.register - Registering application API-GATEWAY with eureka with status UP
12-05-2025 22:21:32.775 [main] [-] INFO  api-gateway-c.netflix.discovery.DiscoveryClient.notify - Saw local status change event StatusChangeEvent [timestamp=1747084892775, current=UP, previous=STARTING]
12-05-2025 22:21:32.775 [DiscoveryClient-InstanceInfoReplicator-%d] [-] INFO  api-gateway-c.netflix.discovery.DiscoveryClient.register - DiscoveryClient_API-GATEWAY/192.168.60.175:api-gateway:8080: registering service...
12-05-2025 22:21:32.799 [DiscoveryClient-InstanceInfoReplicator-%d] [-] INFO  api-gateway-c.netflix.discovery.DiscoveryClient.register - DiscoveryClient_API-GATEWAY/192.168.60.175:api-gateway:8080 - registration status: 204
12-05-2025 22:21:32.905 [main] [-] INFO  api-gateway-o.s.b.w.e.netty.NettyWebServer.start - Netty started on port 8080 (http)
12-05-2025 22:21:32.906 [main] [-] INFO  api-gateway-o.s.c.n.e.s.EurekaAutoServiceRegistration.onApplicationEvent - Updating port to 8080
12-05-2025 22:21:32.947 [main] [-] INFO  api-gateway-c.l.c.a.ApiGatewayApplication.logStarted - Started ApiGatewayApplication in 2.489 seconds (process running for 2.808)
12-05-2025 22:26:32.498 [AsyncResolver-bootstrap-executor-%d] [-] INFO  api-gateway-c.n.d.s.r.aws.ConfigClusterResolver.getClusterEndpoints - Resolving eureka endpoints via configuration
12-05-2025 22:31:32.505 [AsyncResolver-bootstrap-executor-%d] [-] INFO  api-gateway-c.n.d.s.r.aws.ConfigClusterResolver.getClusterEndpoints - Resolving eureka endpoints via configuration
12-05-2025 22:36:32.512 [AsyncResolver-bootstrap-executor-%d] [-] INFO  api-gateway-c.n.d.s.r.aws.ConfigClusterResolver.getClusterEndpoints - Resolving eureka endpoints via configuration
12-05-2025 22:41:32.520 [AsyncResolver-bootstrap-executor-%d] [-] INFO  api-gateway-c.n.d.s.r.aws.ConfigClusterResolver.getClusterEndpoints - Resolving eureka endpoints via configuration
12-05-2025 22:46:32.527 [AsyncResolver-bootstrap-executor-%d] [-] INFO  api-gateway-c.n.d.s.r.aws.ConfigClusterResolver.getClusterEndpoints - Resolving eureka endpoints via configuration
12-05-2025 22:51:32.538 [AsyncResolver-bootstrap-executor-%d] [-] INFO  api-gateway-c.n.d.s.r.aws.ConfigClusterResolver.getClusterEndpoints - Resolving eureka endpoints via configuration
12-05-2025 22:56:32.544 [AsyncResolver-bootstrap-executor-%d] [-] INFO  api-gateway-c.n.d.s.r.aws.ConfigClusterResolver.getClusterEndpoints - Resolving eureka endpoints via configuration
12-05-2025 23:01:32.550 [AsyncResolver-bootstrap-executor-%d] [-] INFO  api-gateway-c.n.d.s.r.aws.ConfigClusterResolver.getClusterEndpoints - Resolving eureka endpoints via configuration
12-05-2025 23:06:32.557 [AsyncResolver-bootstrap-executor-%d] [-] INFO  api-gateway-c.n.d.s.r.aws.ConfigClusterResolver.getClusterEndpoints - Resolving eureka endpoints via configuration
12-05-2025 23:08:34.032 [reactor-http-nio-3] [-] ERROR api-gateway-i.n.r.d.DnsServerAddressStreamProviders.<clinit> - Unable to load io.netty.resolver.dns.macos.MacOSDnsServerAddressStreamProvider, fallback to system defaults. This may result in incorrect DNS resolutions on MacOS. Check whether you have a dependency on 'io.netty:netty-resolver-dns-native-macos'. Use DEBUG level to see the full stack: java.lang.UnsatisfiedLinkError: failed to load the required native library
12-05-2025 23:11:32.566 [AsyncResolver-bootstrap-executor-%d] [-] INFO  api-gateway-c.n.d.s.r.aws.ConfigClusterResolver.getClusterEndpoints - Resolving eureka endpoints via configuration
12-05-2025 23:16:32.571 [AsyncResolver-bootstrap-executor-%d] [-] INFO  api-gateway-c.n.d.s.r.aws.ConfigClusterResolver.getClusterEndpoints - Resolving eureka endpoints via configuration
12-05-2025 23:19:24.456 [reactor-http-nio-5] [-] INFO  api-gateway-c.l.c.a.filters.AuthenticationFilter.lambda$apply$1 - Login Request: http://localhost:8080/uploads/upload/image
12-05-2025 23:19:24.458 [reactor-http-nio-5] [-] INFO  api-gateway-c.l.c.a.filters.AuthenticationFilter.lambda$apply$1 - Bearer eyJhbGciOiJIUzUxMiJ9.eyJzdWIiOiIxIiwiZW1haWwiOiJhbnNodWxuZkBnbWFpLmNvbSIsImlhdCI6MTczMjgyMzM2NiwiZXhwIjoxNzMyODI5MzY2fQ.ro-n2TKLBLT5Cjptpd89NxaHVuoYNiHLz1DefZwIw9JH43bX90DltB_Amc-rrlmNCAXy0RaPP8RlflVCijVs_A
12-05-2025 23:19:24.525 [reactor-http-nio-5] [-] ERROR api-gateway-c.l.c.a.filters.AuthenticationFilter.lambda$apply$1 - JWT Exception: JWT expired 14258998525 milliseconds ago at 2024-11-28T21:29:26.000Z. Current time: 2025-05-12T22:19:24.525Z. Allowed clock skew: 0 milliseconds.
12-05-2025 23:19:46.366 [reactor-http-nio-5] [-] INFO  api-gateway-c.l.c.a.filters.AuthenticationFilter.lambda$apply$1 - Login Request: http://localhost:8080/uploads/upload/image
12-05-2025 23:19:46.367 [reactor-http-nio-5] [-] INFO  api-gateway-c.l.c.a.filters.AuthenticationFilter.lambda$apply$1 - Bearer eyJhbGciOiJIUzUxMiJ9.eyJzdWIiOiIxOSIsImVtYWlsIjoiYWRpdGlAZ21haS5jb20iLCJpYXQiOjE3NDcwODc3MTQsImV4cCI6MTc0NzA5MzcxNH0.fQ4U9OgkBFpYHVZb_UxFpiM-TcU5C2j_JuIY3E0m4BRxLKL2D-8twa0Pus6T5CNgXb0JCpS4yl_JwgT4LpMKDg
12-05-2025 23:21:32.578 [AsyncResolver-bootstrap-executor-%d] [-] INFO  api-gateway-c.n.d.s.r.aws.ConfigClusterResolver.getClusterEndpoints - Resolving eureka endpoints via configuration
12-05-2025 23:24:36.074 [reactor-http-nio-7] [-] INFO  api-gateway-c.l.c.a.filters.AuthenticationFilter.lambda$apply$1 - Login Request: http://localhost:8080/uploads/upload/image
12-05-2025 23:24:36.077 [reactor-http-nio-7] [-] INFO  api-gateway-c.l.c.a.filters.AuthenticationFilter.lambda$apply$1 - Bearer eyJhbGciOiJIUzUxMiJ9.eyJzdWIiOiIxOSIsImVtYWlsIjoiYWRpdGlAZ21haS5jb20iLCJpYXQiOjE3NDcwODc3MTQsImV4cCI6MTc0NzA5MzcxNH0.fQ4U9OgkBFpYHVZb_UxFpiM-TcU5C2j_JuIY3E0m4BRxLKL2D-8twa0Pus6T5CNgXb0JCpS4yl_JwgT4LpMKDg
12-05-2025 23:26:32.588 [AsyncResolver-bootstrap-executor-%d] [-] INFO  api-gateway-c.n.d.s.r.aws.ConfigClusterResolver.getClusterEndpoints - Resolving eureka endpoints via configuration
12-05-2025 23:29:16.133 [reactor-http-nio-1] [-] INFO  api-gateway-c.l.c.a.filters.AuthenticationFilter.lambda$apply$1 - Login Request: http://localhost:8080/uploads/upload/image
12-05-2025 23:29:16.135 [reactor-http-nio-1] [-] INFO  api-gateway-c.l.c.a.filters.AuthenticationFilter.lambda$apply$1 - Bearer eyJhbGciOiJIUzUxMiJ9.eyJzdWIiOiIxOSIsImVtYWlsIjoiYWRpdGlAZ21haS5jb20iLCJpYXQiOjE3NDcwODc3MTQsImV4cCI6MTc0NzA5MzcxNH0.fQ4U9OgkBFpYHVZb_UxFpiM-TcU5C2j_JuIY3E0m4BRxLKL2D-8twa0Pus6T5CNgXb0JCpS4yl_JwgT4LpMKDg
12-05-2025 23:29:48.419 [reactor-http-nio-1] [-] INFO  api-gateway-c.l.c.a.filters.AuthenticationFilter.lambda$apply$1 - Login Request: http://localhost:8080/profile/core/user
12-05-2025 23:29:48.420 [reactor-http-nio-1] [-] INFO  api-gateway-c.l.c.a.filters.AuthenticationFilter.lambda$apply$1 - Bearer eyJhbGciOiJIUzUxMiJ9.eyJzdWIiOiIxOSIsImVtYWlsIjoiYWRpdGlAZ21haS5jb20iLCJpYXQiOjE3NDcwODc3MTQsImV4cCI6MTc0NzA5MzcxNH0.fQ4U9OgkBFpYHVZb_UxFpiM-TcU5C2j_JuIY3E0m4BRxLKL2D-8twa0Pus6T5CNgXb0JCpS4yl_JwgT4LpMKDg
12-05-2025 23:30:43.392 [reactor-http-nio-1] [-] INFO  api-gateway-c.l.c.a.filters.AuthenticationFilter.lambda$apply$1 - Login Request: http://localhost:8080/profile/core/user
12-05-2025 23:30:43.394 [reactor-http-nio-1] [-] INFO  api-gateway-c.l.c.a.filters.AuthenticationFilter.lambda$apply$1 - Bearer eyJhbGciOiJIUzUxMiJ9.eyJzdWIiOiIxOSIsImVtYWlsIjoiYWRpdGlAZ21haS5jb20iLCJpYXQiOjE3NDcwODc3MTQsImV4cCI6MTc0NzA5MzcxNH0.fQ4U9OgkBFpYHVZb_UxFpiM-TcU5C2j_JuIY3E0m4BRxLKL2D-8twa0Pus6T5CNgXb0JCpS4yl_JwgT4LpMKDg
12-05-2025 23:31:32.598 [AsyncResolver-bootstrap-executor-%d] [-] INFO  api-gateway-c.n.d.s.r.aws.ConfigClusterResolver.getClusterEndpoints - Resolving eureka endpoints via configuration
12-05-2025 23:35:10.172 [reactor-http-nio-3] [-] INFO  api-gateway-c.l.c.a.filters.AuthenticationFilter.lambda$apply$1 - Login Request: http://localhost:8080/profile/core/user
12-05-2025 23:35:10.174 [reactor-http-nio-3] [-] INFO  api-gateway-c.l.c.a.filters.AuthenticationFilter.lambda$apply$1 - Bearer eyJhbGciOiJIUzUxMiJ9.eyJzdWIiOiIxOSIsImVtYWlsIjoiYWRpdGlAZ21haS5jb20iLCJpYXQiOjE3NDcwODc3MTQsImV4cCI6MTc0NzA5MzcxNH0.fQ4U9OgkBFpYHVZb_UxFpiM-TcU5C2j_JuIY3E0m4BRxLKL2D-8twa0Pus6T5CNgXb0JCpS4yl_JwgT4LpMKDg
12-05-2025 23:35:10.181 [reactor-http-nio-3] [-] WARN  api-gateway-o.s.c.l.core.RoundRobinLoadBalancer.getInstanceResponse - No servers available for service: USER-PROFILE
12-05-2025 23:35:16.152 [reactor-http-nio-3] [-] INFO  api-gateway-c.l.c.a.filters.AuthenticationFilter.lambda$apply$1 - Login Request: http://localhost:8080/profile/core/user
12-05-2025 23:35:16.153 [reactor-http-nio-3] [-] INFO  api-gateway-c.l.c.a.filters.AuthenticationFilter.lambda$apply$1 - Bearer eyJhbGciOiJIUzUxMiJ9.eyJzdWIiOiIxOSIsImVtYWlsIjoiYWRpdGlAZ21haS5jb20iLCJpYXQiOjE3NDcwODc3MTQsImV4cCI6MTc0NzA5MzcxNH0.fQ4U9OgkBFpYHVZb_UxFpiM-TcU5C2j_JuIY3E0m4BRxLKL2D-8twa0Pus6T5CNgXb0JCpS4yl_JwgT4LpMKDg
12-05-2025 23:35:16.156 [reactor-http-nio-3] [-] WARN  api-gateway-o.s.c.l.core.RoundRobinLoadBalancer.getInstanceResponse - No servers available for service: USER-PROFILE
12-05-2025 23:35:17.816 [reactor-http-nio-3] [-] INFO  api-gateway-c.l.c.a.filters.AuthenticationFilter.lambda$apply$1 - Login Request: http://localhost:8080/profile/core/user
12-05-2025 23:35:17.816 [reactor-http-nio-3] [-] INFO  api-gateway-c.l.c.a.filters.AuthenticationFilter.lambda$apply$1 - Bearer eyJhbGciOiJIUzUxMiJ9.eyJzdWIiOiIxOSIsImVtYWlsIjoiYWRpdGlAZ21haS5jb20iLCJpYXQiOjE3NDcwODc3MTQsImV4cCI6MTc0NzA5MzcxNH0.fQ4U9OgkBFpYHVZb_UxFpiM-TcU5C2j_JuIY3E0m4BRxLKL2D-8twa0Pus6T5CNgXb0JCpS4yl_JwgT4LpMKDg
12-05-2025 23:35:17.818 [reactor-http-nio-3] [-] WARN  api-gateway-o.s.c.l.core.RoundRobinLoadBalancer.getInstanceResponse - No servers available for service: USER-PROFILE
12-05-2025 23:35:20.489 [reactor-http-nio-3] [-] INFO  api-gateway-c.l.c.a.filters.AuthenticationFilter.lambda$apply$1 - Login Request: http://localhost:8080/profile/core/user
12-05-2025 23:35:20.490 [reactor-http-nio-3] [-] INFO  api-gateway-c.l.c.a.filters.AuthenticationFilter.lambda$apply$1 - Bearer eyJhbGciOiJIUzUxMiJ9.eyJzdWIiOiIxOSIsImVtYWlsIjoiYWRpdGlAZ21haS5jb20iLCJpYXQiOjE3NDcwODc3MTQsImV4cCI6MTc0NzA5MzcxNH0.fQ4U9OgkBFpYHVZb_UxFpiM-TcU5C2j_JuIY3E0m4BRxLKL2D-8twa0Pus6T5CNgXb0JCpS4yl_JwgT4LpMKDg
12-05-2025 23:35:20.493 [reactor-http-nio-3] [-] WARN  api-gateway-o.s.c.l.core.RoundRobinLoadBalancer.getInstanceResponse - No servers available for service: USER-PROFILE
12-05-2025 23:35:51.651 [SpringApplicationShutdownHook] [-] INFO  api-gateway-o.s.c.n.e.s.EurekaServiceRegistry.deregister - Unregistering application API-GATEWAY with eureka with status DOWN
12-05-2025 23:35:51.652 [SpringApplicationShutdownHook] [-] INFO  api-gateway-c.netflix.discovery.DiscoveryClient.notify - Saw local status change event StatusChangeEvent [timestamp=1747089351652, current=DOWN, previous=UP]
12-05-2025 23:35:51.653 [DiscoveryClient-InstanceInfoReplicator-%d] [-] INFO  api-gateway-c.netflix.discovery.DiscoveryClient.register - DiscoveryClient_API-GATEWAY/192.168.60.175:api-gateway:8080: registering service...
12-05-2025 23:35:51.662 [DiscoveryClient-InstanceInfoReplicator-%d] [-] INFO  api-gateway-c.netflix.discovery.DiscoveryClient.register - DiscoveryClient_API-GATEWAY/192.168.60.175:api-gateway:8080 - registration status: 204
12-05-2025 23:35:53.749 [SpringApplicationShutdownHook] [-] INFO  api-gateway-c.netflix.discovery.DiscoveryClient.shutdown - Shutting down DiscoveryClient ...
12-05-2025 23:35:56.755 [SpringApplicationShutdownHook] [-] INFO  api-gateway-c.netflix.discovery.DiscoveryClient.unregister - Unregistering ...
12-05-2025 23:35:56.766 [SpringApplicationShutdownHook] [-] INFO  api-gateway-c.netflix.discovery.DiscoveryClient.unregister - DiscoveryClient_API-GATEWAY/192.168.60.175:api-gateway:8080 - deregister  status: 200
12-05-2025 23:35:56.767 [SpringApplicationShutdownHook] [-] INFO  api-gateway-c.netflix.discovery.DiscoveryClient.shutdown - Completed shut down of DiscoveryClient
12-05-2025 23:35:58.611 [background-preinit] [-] INFO  api-gateway-o.h.validator.internal.util.Version.<clinit> - HV000001: Hibernate Validator 8.0.1.Final
12-05-2025 23:35:58.739 [main] [-] INFO  api-gateway-c.l.c.a.ApiGatewayApplication.logStarting - Starting ApiGatewayApplication using Java 22.0.2 with PID 50764 (/Users/anshulbharadwaj/SpringBootProject/linkedin/api-gateway/target/classes started by anshulbharadwaj in /Users/anshulbharadwaj/SpringBootProject/linkedin)
12-05-2025 23:35:58.740 [main] [-] INFO  api-gateway-c.l.c.a.ApiGatewayApplication.logStartupProfileInfo - No active profile set, falling back to 1 default profile: "default"
12-05-2025 23:35:59.582 [main] [-] INFO  api-gateway-o.s.cloud.context.scope.GenericScope.setSerializationId - BeanFactory id=c0e7b2a0-fe94-3af1-853a-5365e26bf76f
12-05-2025 23:35:59.631 [main] [-] WARN  api-gateway-o.s.c.s.PostProcessorRegistrationDelegate$BeanPostProcessorChecker.postProcessAfterInitialization - Bean 'org.springframework.cloud.client.loadbalancer.LoadBalancerAutoConfiguration$DeferringLoadBalancerInterceptorConfig' of type [org.springframework.cloud.client.loadbalancer.LoadBalancerAutoConfiguration$DeferringLoadBalancerInterceptorConfig] is not eligible for getting processed by all BeanPostProcessors (for example: not eligible for auto-proxying). The currently created BeanPostProcessor [lbRestClientPostProcessor] is declared through a non-static factory method on that class; consider declaring it as static instead.
12-05-2025 23:35:59.633 [main] [-] WARN  api-gateway-o.s.c.s.PostProcessorRegistrationDelegate$BeanPostProcessorChecker.postProcessAfterInitialization - Bean 'deferringLoadBalancerInterceptor' of type [org.springframework.cloud.client.loadbalancer.DeferringLoadBalancerInterceptor] is not eligible for getting processed by all BeanPostProcessors (for example: not eligible for auto-proxying). Is this bean getting eagerly injected into a currently created BeanPostProcessor [lbRestClientPostProcessor]? Check the corresponding BeanPostProcessor declaration and its dependencies.
12-05-2025 23:35:59.635 [main] [-] WARN  api-gateway-o.s.c.s.PostProcessorRegistrationDelegate$BeanPostProcessorChecker.postProcessAfterInitialization - Bean 'org.springframework.cloud.client.loadbalancer.reactive.LoadBalancerBeanPostProcessorAutoConfiguration' of type [org.springframework.cloud.client.loadbalancer.reactive.LoadBalancerBeanPostProcessorAutoConfiguration] is not eligible for getting processed by all BeanPostProcessors (for example: not eligible for auto-proxying). The currently created BeanPostProcessor [loadBalancerWebClientBuilderBeanPostProcessor] is declared through a non-static factory method on that class; consider declaring it as static instead.
12-05-2025 23:35:59.635 [main] [-] WARN  api-gateway-o.s.c.s.PostProcessorRegistrationDelegate$BeanPostProcessorChecker.postProcessAfterInitialization - Bean 'org.springframework.cloud.client.loadbalancer.reactive.LoadBalancerBeanPostProcessorAutoConfiguration$ReactorDeferringLoadBalancerFilterConfig' of type [org.springframework.cloud.client.loadbalancer.reactive.LoadBalancerBeanPostProcessorAutoConfiguration$ReactorDeferringLoadBalancerFilterConfig] is not eligible for getting processed by all BeanPostProcessors (for example: not eligible for auto-proxying). Is this bean getting eagerly injected into a currently created BeanPostProcessor [loadBalancerWebClientBuilderBeanPostProcessor]? Check the corresponding BeanPostProcessor declaration and its dependencies.
12-05-2025 23:35:59.636 [main] [-] WARN  api-gateway-o.s.c.s.PostProcessorRegistrationDelegate$BeanPostProcessorChecker.postProcessAfterInitialization - Bean 'reactorDeferringLoadBalancerExchangeFilterFunction' of type [org.springframework.cloud.client.loadbalancer.reactive.DeferringLoadBalancerExchangeFilterFunction] is not eligible for getting processed by all BeanPostProcessors (for example: not eligible for auto-proxying). Is this bean getting eagerly injected into a currently created BeanPostProcessor [loadBalancerWebClientBuilderBeanPostProcessor]? Check the corresponding BeanPostProcessor declaration and its dependencies.
12-05-2025 23:36:00.196 [main] [-] INFO  api-gateway-o.s.c.g.r.RouteDefinitionRouteLocator.lambda$initFactories$1 - Loaded RoutePredicateFactory [After]
12-05-2025 23:36:00.196 [main] [-] INFO  api-gateway-o.s.c.g.r.RouteDefinitionRouteLocator.lambda$initFactories$1 - Loaded RoutePredicateFactory [Before]
12-05-2025 23:36:00.196 [main] [-] INFO  api-gateway-o.s.c.g.r.RouteDefinitionRouteLocator.lambda$initFactories$1 - Loaded RoutePredicateFactory [Between]
12-05-2025 23:36:00.196 [main] [-] INFO  api-gateway-o.s.c.g.r.RouteDefinitionRouteLocator.lambda$initFactories$1 - Loaded RoutePredicateFactory [Cookie]
12-05-2025 23:36:00.196 [main] [-] INFO  api-gateway-o.s.c.g.r.RouteDefinitionRouteLocator.lambda$initFactories$1 - Loaded RoutePredicateFactory [Header]
12-05-2025 23:36:00.196 [main] [-] INFO  api-gateway-o.s.c.g.r.RouteDefinitionRouteLocator.lambda$initFactories$1 - Loaded RoutePredicateFactory [Host]
12-05-2025 23:36:00.197 [main] [-] INFO  api-gateway-o.s.c.g.r.RouteDefinitionRouteLocator.lambda$initFactories$1 - Loaded RoutePredicateFactory [Method]
12-05-2025 23:36:00.197 [main] [-] INFO  api-gateway-o.s.c.g.r.RouteDefinitionRouteLocator.lambda$initFactories$1 - Loaded RoutePredicateFactory [Path]
12-05-2025 23:36:00.197 [main] [-] INFO  api-gateway-o.s.c.g.r.RouteDefinitionRouteLocator.lambda$initFactories$1 - Loaded RoutePredicateFactory [Query]
12-05-2025 23:36:00.197 [main] [-] INFO  api-gateway-o.s.c.g.r.RouteDefinitionRouteLocator.lambda$initFactories$1 - Loaded RoutePredicateFactory [ReadBody]
12-05-2025 23:36:00.197 [main] [-] INFO  api-gateway-o.s.c.g.r.RouteDefinitionRouteLocator.lambda$initFactories$1 - Loaded RoutePredicateFactory [RemoteAddr]
12-05-2025 23:36:00.197 [main] [-] INFO  api-gateway-o.s.c.g.r.RouteDefinitionRouteLocator.lambda$initFactories$1 - Loaded RoutePredicateFactory [XForwardedRemoteAddr]
12-05-2025 23:36:00.197 [main] [-] INFO  api-gateway-o.s.c.g.r.RouteDefinitionRouteLocator.lambda$initFactories$1 - Loaded RoutePredicateFactory [Weight]
12-05-2025 23:36:00.197 [main] [-] INFO  api-gateway-o.s.c.g.r.RouteDefinitionRouteLocator.lambda$initFactories$1 - Loaded RoutePredicateFactory [CloudFoundryRouteService]
12-05-2025 23:36:00.390 [main] [-] INFO  api-gateway-o.s.b.a.e.web.EndpointLinksResolver.<init> - Exposing 1 endpoint beneath base path '/actuator'
12-05-2025 23:36:00.562 [main] [-] INFO  api-gateway-o.s.c.n.e.c.DiscoveryClientOptionalArgsConfiguration.restTemplateDiscoveryClientOptionalArgs - Eureka HTTP Client uses RestTemplate.
12-05-2025 23:36:00.578 [main] [-] WARN  api-gateway-o.s.c.l.c.LoadBalancerCacheAutoConfiguration$LoadBalancerCaffeineWarnLogger.afterPropertiesSet - Spring Cloud LoadBalancer is currently working with the default cache. While this cache implementation is useful for development and tests, it's recommended to use Caffeine cache in production.You can switch to using Caffeine cache, by adding it and org.springframework.cache.caffeine.CaffeineCacheManager to the classpath.
12-05-2025 23:36:00.615 [main] [-] INFO  api-gateway-o.s.c.n.eureka.InstanceInfoFactory.create - Setting initial instance status as: STARTING
12-05-2025 23:36:00.641 [main] [-] INFO  api-gateway-c.netflix.discovery.DiscoveryClient.<init> - Initializing Eureka in region us-east-1
12-05-2025 23:36:00.643 [main] [-] INFO  api-gateway-c.n.d.s.r.aws.ConfigClusterResolver.getClusterEndpoints - Resolving eureka endpoints via configuration
12-05-2025 23:36:00.648 [main] [-] INFO  api-gateway-c.netflix.discovery.DiscoveryClient.fetchRegistry - Disable delta property : false
12-05-2025 23:36:00.649 [main] [-] INFO  api-gateway-c.netflix.discovery.DiscoveryClient.fetchRegistry - Single vip registry refresh property : null
12-05-2025 23:36:00.649 [main] [-] INFO  api-gateway-c.netflix.discovery.DiscoveryClient.fetchRegistry - Force full registry fetch : false
12-05-2025 23:36:00.649 [main] [-] INFO  api-gateway-c.netflix.discovery.DiscoveryClient.fetchRegistry - Application is null : false
12-05-2025 23:36:00.649 [main] [-] INFO  api-gateway-c.netflix.discovery.DiscoveryClient.fetchRegistry - Registered Applications size is zero : true
12-05-2025 23:36:00.649 [main] [-] INFO  api-gateway-c.netflix.discovery.DiscoveryClient.fetchRegistry - Application version is -1: true
12-05-2025 23:36:00.649 [main] [-] INFO  api-gateway-c.netflix.discovery.DiscoveryClient.getAndStoreFullRegistry - Getting all instance registry info from the eureka server
12-05-2025 23:36:00.918 [main] [-] INFO  api-gateway-c.netflix.discovery.DiscoveryClient.getAndStoreFullRegistry - The response status is 200
12-05-2025 23:36:00.919 [main] [-] INFO  api-gateway-c.netflix.discovery.DiscoveryClient.initScheduledTasks - Starting heartbeat executor: renew interval is: 30
12-05-2025 23:36:00.920 [main] [-] INFO  api-gateway-c.n.discovery.InstanceInfoReplicator.<init> - InstanceInfoReplicator onDemand update allowed rate per min is 4
12-05-2025 23:36:00.921 [main] [-] INFO  api-gateway-c.netflix.discovery.DiscoveryClient.<init> - Discovery Client initialized at timestamp 1747089360920 with initial instances count: 3
12-05-2025 23:36:00.924 [main] [-] INFO  api-gateway-o.s.c.n.e.s.EurekaServiceRegistry.register - Registering application API-GATEWAY with eureka with status UP
12-05-2025 23:36:00.924 [main] [-] INFO  api-gateway-c.netflix.discovery.DiscoveryClient.notify - Saw local status change event StatusChangeEvent [timestamp=1747089360924, current=UP, previous=STARTING]
12-05-2025 23:36:00.925 [DiscoveryClient-InstanceInfoReplicator-%d] [-] INFO  api-gateway-c.netflix.discovery.DiscoveryClient.register - DiscoveryClient_API-GATEWAY/192.168.60.175:api-gateway:8080: registering service...
12-05-2025 23:36:00.949 [DiscoveryClient-InstanceInfoReplicator-%d] [-] INFO  api-gateway-c.netflix.discovery.DiscoveryClient.register - DiscoveryClient_API-GATEWAY/192.168.60.175:api-gateway:8080 - registration status: 204
12-05-2025 23:36:01.026 [main] [-] INFO  api-gateway-o.s.b.w.e.netty.NettyWebServer.start - Netty started on port 8080 (http)
12-05-2025 23:36:01.028 [main] [-] INFO  api-gateway-o.s.c.n.e.s.EurekaAutoServiceRegistration.onApplicationEvent - Updating port to 8080
12-05-2025 23:36:01.075 [main] [-] INFO  api-gateway-c.l.c.a.ApiGatewayApplication.logStarted - Started ApiGatewayApplication in 3.052 seconds (process running for 3.505)
12-05-2025 23:36:06.029 [reactor-http-nio-3] [-] INFO  api-gateway-c.l.c.a.filters.AuthenticationFilter.lambda$apply$1 - Login Request: http://localhost:8080/profile/core/user
12-05-2025 23:36:06.029 [reactor-http-nio-3] [-] INFO  api-gateway-c.l.c.a.filters.AuthenticationFilter.lambda$apply$1 - Bearer eyJhbGciOiJIUzUxMiJ9.eyJzdWIiOiIxOSIsImVtYWlsIjoiYWRpdGlAZ21haS5jb20iLCJpYXQiOjE3NDcwODc3MTQsImV4cCI6MTc0NzA5MzcxNH0.fQ4U9OgkBFpYHVZb_UxFpiM-TcU5C2j_JuIY3E0m4BRxLKL2D-8twa0Pus6T5CNgXb0JCpS4yl_JwgT4LpMKDg
12-05-2025 23:36:06.153 [reactor-http-nio-3] [-] ERROR api-gateway-i.n.r.d.DnsServerAddressStreamProviders.<clinit> - Unable to load io.netty.resolver.dns.macos.MacOSDnsServerAddressStreamProvider, fallback to system defaults. This may result in incorrect DNS resolutions on MacOS. Check whether you have a dependency on 'io.netty:netty-resolver-dns-native-macos'. Use DEBUG level to see the full stack: java.lang.UnsatisfiedLinkError: failed to load the required native library
12-05-2025 23:37:35.653 [reactor-http-nio-5] [-] INFO  api-gateway-c.l.c.a.filters.AuthenticationFilter.lambda$apply$1 - Login Request: http://localhost:8080/profile/core/user
12-05-2025 23:37:35.654 [reactor-http-nio-5] [-] INFO  api-gateway-c.l.c.a.filters.AuthenticationFilter.lambda$apply$1 - Bearer eyJhbGciOiJIUzUxMiJ9.eyJzdWIiOiIxOSIsImVtYWlsIjoiYWRpdGlAZ21haS5jb20iLCJpYXQiOjE3NDcwODc3MTQsImV4cCI6MTc0NzA5MzcxNH0.fQ4U9OgkBFpYHVZb_UxFpiM-TcU5C2j_JuIY3E0m4BRxLKL2D-8twa0Pus6T5CNgXb0JCpS4yl_JwgT4LpMKDg
12-05-2025 23:37:35.660 [reactor-http-nio-5] [-] WARN  api-gateway-o.s.c.l.core.RoundRobinLoadBalancer.getInstanceResponse - No servers available for service: USER-PROFILE
12-05-2025 23:37:37.355 [reactor-http-nio-5] [-] INFO  api-gateway-c.l.c.a.filters.AuthenticationFilter.lambda$apply$1 - Login Request: http://localhost:8080/profile/core/user
12-05-2025 23:37:37.356 [reactor-http-nio-5] [-] INFO  api-gateway-c.l.c.a.filters.AuthenticationFilter.lambda$apply$1 - Bearer eyJhbGciOiJIUzUxMiJ9.eyJzdWIiOiIxOSIsImVtYWlsIjoiYWRpdGlAZ21haS5jb20iLCJpYXQiOjE3NDcwODc3MTQsImV4cCI6MTc0NzA5MzcxNH0.fQ4U9OgkBFpYHVZb_UxFpiM-TcU5C2j_JuIY3E0m4BRxLKL2D-8twa0Pus6T5CNgXb0JCpS4yl_JwgT4LpMKDg
12-05-2025 23:37:37.359 [reactor-http-nio-5] [-] WARN  api-gateway-o.s.c.l.core.RoundRobinLoadBalancer.getInstanceResponse - No servers available for service: USER-PROFILE
12-05-2025 23:37:38.418 [reactor-http-nio-5] [-] INFO  api-gateway-c.l.c.a.filters.AuthenticationFilter.lambda$apply$1 - Login Request: http://localhost:8080/profile/core/user
12-05-2025 23:37:38.419 [reactor-http-nio-5] [-] INFO  api-gateway-c.l.c.a.filters.AuthenticationFilter.lambda$apply$1 - Bearer eyJhbGciOiJIUzUxMiJ9.eyJzdWIiOiIxOSIsImVtYWlsIjoiYWRpdGlAZ21haS5jb20iLCJpYXQiOjE3NDcwODc3MTQsImV4cCI6MTc0NzA5MzcxNH0.fQ4U9OgkBFpYHVZb_UxFpiM-TcU5C2j_JuIY3E0m4BRxLKL2D-8twa0Pus6T5CNgXb0JCpS4yl_JwgT4LpMKDg
12-05-2025 23:37:38.423 [reactor-http-nio-5] [-] WARN  api-gateway-o.s.c.l.core.RoundRobinLoadBalancer.getInstanceResponse - No servers available for service: USER-PROFILE
12-05-2025 23:37:44.386 [SpringApplicationShutdownHook] [-] INFO  api-gateway-o.s.c.n.e.s.EurekaServiceRegistry.deregister - Unregistering application API-GATEWAY with eureka with status DOWN
12-05-2025 23:37:44.386 [SpringApplicationShutdownHook] [-] INFO  api-gateway-c.netflix.discovery.DiscoveryClient.notify - Saw local status change event StatusChangeEvent [timestamp=1747089464386, current=DOWN, previous=UP]
12-05-2025 23:37:44.386 [DiscoveryClient-InstanceInfoReplicator-%d] [-] INFO  api-gateway-c.netflix.discovery.DiscoveryClient.register - DiscoveryClient_API-GATEWAY/192.168.60.175:api-gateway:8080: registering service...
12-05-2025 23:37:44.392 [DiscoveryClient-InstanceInfoReplicator-%d] [-] INFO  api-gateway-c.netflix.discovery.DiscoveryClient.register - DiscoveryClient_API-GATEWAY/192.168.60.175:api-gateway:8080 - registration status: 204
12-05-2025 23:37:46.472 [SpringApplicationShutdownHook] [-] INFO  api-gateway-c.netflix.discovery.DiscoveryClient.shutdown - Shutting down DiscoveryClient ...
12-05-2025 23:37:49.478 [SpringApplicationShutdownHook] [-] INFO  api-gateway-c.netflix.discovery.DiscoveryClient.unregister - Unregistering ...
12-05-2025 23:37:49.484 [SpringApplicationShutdownHook] [-] INFO  api-gateway-c.netflix.discovery.DiscoveryClient.unregister - DiscoveryClient_API-GATEWAY/192.168.60.175:api-gateway:8080 - deregister  status: 200
12-05-2025 23:37:49.484 [SpringApplicationShutdownHook] [-] INFO  api-gateway-c.netflix.discovery.DiscoveryClient.shutdown - Completed shut down of DiscoveryClient
12-05-2025 23:37:51.220 [background-preinit] [-] INFO  api-gateway-o.h.validator.internal.util.Version.<clinit> - HV000001: Hibernate Validator 8.0.1.Final
12-05-2025 23:37:51.340 [main] [-] INFO  api-gateway-c.l.c.a.ApiGatewayApplication.logStarting - Starting ApiGatewayApplication using Java 22.0.2 with PID 51350 (/Users/anshulbharadwaj/SpringBootProject/linkedin/api-gateway/target/classes started by anshulbharadwaj in /Users/anshulbharadwaj/SpringBootProject/linkedin)
12-05-2025 23:37:51.342 [main] [-] INFO  api-gateway-c.l.c.a.ApiGatewayApplication.logStartupProfileInfo - No active profile set, falling back to 1 default profile: "default"
12-05-2025 23:37:52.139 [main] [-] INFO  api-gateway-o.s.cloud.context.scope.GenericScope.setSerializationId - BeanFactory id=c0e7b2a0-fe94-3af1-853a-5365e26bf76f
12-05-2025 23:37:52.181 [main] [-] WARN  api-gateway-o.s.c.s.PostProcessorRegistrationDelegate$BeanPostProcessorChecker.postProcessAfterInitialization - Bean 'org.springframework.cloud.client.loadbalancer.LoadBalancerAutoConfiguration$DeferringLoadBalancerInterceptorConfig' of type [org.springframework.cloud.client.loadbalancer.LoadBalancerAutoConfiguration$DeferringLoadBalancerInterceptorConfig] is not eligible for getting processed by all BeanPostProcessors (for example: not eligible for auto-proxying). The currently created BeanPostProcessor [lbRestClientPostProcessor] is declared through a non-static factory method on that class; consider declaring it as static instead.
12-05-2025 23:37:52.183 [main] [-] WARN  api-gateway-o.s.c.s.PostProcessorRegistrationDelegate$BeanPostProcessorChecker.postProcessAfterInitialization - Bean 'deferringLoadBalancerInterceptor' of type [org.springframework.cloud.client.loadbalancer.DeferringLoadBalancerInterceptor] is not eligible for getting processed by all BeanPostProcessors (for example: not eligible for auto-proxying). Is this bean getting eagerly injected into a currently created BeanPostProcessor [lbRestClientPostProcessor]? Check the corresponding BeanPostProcessor declaration and its dependencies.
12-05-2025 23:37:52.184 [main] [-] WARN  api-gateway-o.s.c.s.PostProcessorRegistrationDelegate$BeanPostProcessorChecker.postProcessAfterInitialization - Bean 'org.springframework.cloud.client.loadbalancer.reactive.LoadBalancerBeanPostProcessorAutoConfiguration' of type [org.springframework.cloud.client.loadbalancer.reactive.LoadBalancerBeanPostProcessorAutoConfiguration] is not eligible for getting processed by all BeanPostProcessors (for example: not eligible for auto-proxying). The currently created BeanPostProcessor [loadBalancerWebClientBuilderBeanPostProcessor] is declared through a non-static factory method on that class; consider declaring it as static instead.
12-05-2025 23:37:52.185 [main] [-] WARN  api-gateway-o.s.c.s.PostProcessorRegistrationDelegate$BeanPostProcessorChecker.postProcessAfterInitialization - Bean 'org.springframework.cloud.client.loadbalancer.reactive.LoadBalancerBeanPostProcessorAutoConfiguration$ReactorDeferringLoadBalancerFilterConfig' of type [org.springframework.cloud.client.loadbalancer.reactive.LoadBalancerBeanPostProcessorAutoConfiguration$ReactorDeferringLoadBalancerFilterConfig] is not eligible for getting processed by all BeanPostProcessors (for example: not eligible for auto-proxying). Is this bean getting eagerly injected into a currently created BeanPostProcessor [loadBalancerWebClientBuilderBeanPostProcessor]? Check the corresponding BeanPostProcessor declaration and its dependencies.
12-05-2025 23:37:52.186 [main] [-] WARN  api-gateway-o.s.c.s.PostProcessorRegistrationDelegate$BeanPostProcessorChecker.postProcessAfterInitialization - Bean 'reactorDeferringLoadBalancerExchangeFilterFunction' of type [org.springframework.cloud.client.loadbalancer.reactive.DeferringLoadBalancerExchangeFilterFunction] is not eligible for getting processed by all BeanPostProcessors (for example: not eligible for auto-proxying). Is this bean getting eagerly injected into a currently created BeanPostProcessor [loadBalancerWebClientBuilderBeanPostProcessor]? Check the corresponding BeanPostProcessor declaration and its dependencies.
12-05-2025 23:37:52.680 [main] [-] INFO  api-gateway-o.s.c.g.r.RouteDefinitionRouteLocator.lambda$initFactories$1 - Loaded RoutePredicateFactory [After]
12-05-2025 23:37:52.680 [main] [-] INFO  api-gateway-o.s.c.g.r.RouteDefinitionRouteLocator.lambda$initFactories$1 - Loaded RoutePredicateFactory [Before]
12-05-2025 23:37:52.681 [main] [-] INFO  api-gateway-o.s.c.g.r.RouteDefinitionRouteLocator.lambda$initFactories$1 - Loaded RoutePredicateFactory [Between]
12-05-2025 23:37:52.681 [main] [-] INFO  api-gateway-o.s.c.g.r.RouteDefinitionRouteLocator.lambda$initFactories$1 - Loaded RoutePredicateFactory [Cookie]
12-05-2025 23:37:52.681 [main] [-] INFO  api-gateway-o.s.c.g.r.RouteDefinitionRouteLocator.lambda$initFactories$1 - Loaded RoutePredicateFactory [Header]
12-05-2025 23:37:52.681 [main] [-] INFO  api-gateway-o.s.c.g.r.RouteDefinitionRouteLocator.lambda$initFactories$1 - Loaded RoutePredicateFactory [Host]
12-05-2025 23:37:52.681 [main] [-] INFO  api-gateway-o.s.c.g.r.RouteDefinitionRouteLocator.lambda$initFactories$1 - Loaded RoutePredicateFactory [Method]
12-05-2025 23:37:52.681 [main] [-] INFO  api-gateway-o.s.c.g.r.RouteDefinitionRouteLocator.lambda$initFactories$1 - Loaded RoutePredicateFactory [Path]
12-05-2025 23:37:52.681 [main] [-] INFO  api-gateway-o.s.c.g.r.RouteDefinitionRouteLocator.lambda$initFactories$1 - Loaded RoutePredicateFactory [Query]
12-05-2025 23:37:52.681 [main] [-] INFO  api-gateway-o.s.c.g.r.RouteDefinitionRouteLocator.lambda$initFactories$1 - Loaded RoutePredicateFactory [ReadBody]
12-05-2025 23:37:52.681 [main] [-] INFO  api-gateway-o.s.c.g.r.RouteDefinitionRouteLocator.lambda$initFactories$1 - Loaded RoutePredicateFactory [RemoteAddr]
12-05-2025 23:37:52.681 [main] [-] INFO  api-gateway-o.s.c.g.r.RouteDefinitionRouteLocator.lambda$initFactories$1 - Loaded RoutePredicateFactory [XForwardedRemoteAddr]
12-05-2025 23:37:52.681 [main] [-] INFO  api-gateway-o.s.c.g.r.RouteDefinitionRouteLocator.lambda$initFactories$1 - Loaded RoutePredicateFactory [Weight]
12-05-2025 23:37:52.681 [main] [-] INFO  api-gateway-o.s.c.g.r.RouteDefinitionRouteLocator.lambda$initFactories$1 - Loaded RoutePredicateFactory [CloudFoundryRouteService]
12-05-2025 23:37:52.820 [main] [-] INFO  api-gateway-o.s.b.a.e.web.EndpointLinksResolver.<init> - Exposing 1 endpoint beneath base path '/actuator'
12-05-2025 23:37:52.953 [main] [-] INFO  api-gateway-o.s.c.n.e.c.DiscoveryClientOptionalArgsConfiguration.restTemplateDiscoveryClientOptionalArgs - Eureka HTTP Client uses RestTemplate.
12-05-2025 23:37:52.970 [main] [-] WARN  api-gateway-o.s.c.l.c.LoadBalancerCacheAutoConfiguration$LoadBalancerCaffeineWarnLogger.afterPropertiesSet - Spring Cloud LoadBalancer is currently working with the default cache. While this cache implementation is useful for development and tests, it's recommended to use Caffeine cache in production.You can switch to using Caffeine cache, by adding it and org.springframework.cache.caffeine.CaffeineCacheManager to the classpath.
12-05-2025 23:37:53.002 [main] [-] INFO  api-gateway-o.s.c.n.eureka.InstanceInfoFactory.create - Setting initial instance status as: STARTING
12-05-2025 23:37:53.015 [main] [-] INFO  api-gateway-c.netflix.discovery.DiscoveryClient.<init> - Initializing Eureka in region us-east-1
12-05-2025 23:37:53.017 [main] [-] INFO  api-gateway-c.n.d.s.r.aws.ConfigClusterResolver.getClusterEndpoints - Resolving eureka endpoints via configuration
12-05-2025 23:37:53.021 [main] [-] INFO  api-gateway-c.netflix.discovery.DiscoveryClient.fetchRegistry - Disable delta property : false
12-05-2025 23:37:53.021 [main] [-] INFO  api-gateway-c.netflix.discovery.DiscoveryClient.fetchRegistry - Single vip registry refresh property : null
12-05-2025 23:37:53.021 [main] [-] INFO  api-gateway-c.netflix.discovery.DiscoveryClient.fetchRegistry - Force full registry fetch : false
12-05-2025 23:37:53.022 [main] [-] INFO  api-gateway-c.netflix.discovery.DiscoveryClient.fetchRegistry - Application is null : false
12-05-2025 23:37:53.022 [main] [-] INFO  api-gateway-c.netflix.discovery.DiscoveryClient.fetchRegistry - Registered Applications size is zero : true
12-05-2025 23:37:53.022 [main] [-] INFO  api-gateway-c.netflix.discovery.DiscoveryClient.fetchRegistry - Application version is -1: true
12-05-2025 23:37:53.022 [main] [-] INFO  api-gateway-c.netflix.discovery.DiscoveryClient.getAndStoreFullRegistry - Getting all instance registry info from the eureka server
12-05-2025 23:37:53.276 [main] [-] INFO  api-gateway-c.netflix.discovery.DiscoveryClient.getAndStoreFullRegistry - The response status is 200
12-05-2025 23:37:53.277 [main] [-] INFO  api-gateway-c.netflix.discovery.DiscoveryClient.initScheduledTasks - Starting heartbeat executor: renew interval is: 30
12-05-2025 23:37:53.278 [main] [-] INFO  api-gateway-c.n.discovery.InstanceInfoReplicator.<init> - InstanceInfoReplicator onDemand update allowed rate per min is 4
12-05-2025 23:37:53.278 [main] [-] INFO  api-gateway-c.netflix.discovery.DiscoveryClient.<init> - Discovery Client initialized at timestamp 1747089473278 with initial instances count: 3
12-05-2025 23:37:53.281 [main] [-] INFO  api-gateway-o.s.c.n.e.s.EurekaServiceRegistry.register - Registering application API-GATEWAY with eureka with status UP
12-05-2025 23:37:53.281 [main] [-] INFO  api-gateway-c.netflix.discovery.DiscoveryClient.notify - Saw local status change event StatusChangeEvent [timestamp=1747089473281, current=UP, previous=STARTING]
12-05-2025 23:37:53.282 [DiscoveryClient-InstanceInfoReplicator-%d] [-] INFO  api-gateway-c.netflix.discovery.DiscoveryClient.register - DiscoveryClient_API-GATEWAY/192.168.60.175:api-gateway:8080: registering service...
12-05-2025 23:37:53.303 [DiscoveryClient-InstanceInfoReplicator-%d] [-] INFO  api-gateway-c.netflix.discovery.DiscoveryClient.register - DiscoveryClient_API-GATEWAY/192.168.60.175:api-gateway:8080 - registration status: 204
12-05-2025 23:37:53.367 [main] [-] INFO  api-gateway-o.s.b.w.e.netty.NettyWebServer.start - Netty started on port 8080 (http)
12-05-2025 23:37:53.368 [main] [-] INFO  api-gateway-o.s.c.n.e.s.EurekaAutoServiceRegistration.onApplicationEvent - Updating port to 8080
12-05-2025 23:37:53.410 [main] [-] INFO  api-gateway-c.l.c.a.ApiGatewayApplication.logStarted - Started ApiGatewayApplication in 2.773 seconds (process running for 3.193)
12-05-2025 23:37:57.632 [reactor-http-nio-3] [-] INFO  api-gateway-c.l.c.a.filters.AuthenticationFilter.lambda$apply$1 - Login Request: http://localhost:8080/profile/core/user
12-05-2025 23:37:57.632 [reactor-http-nio-3] [-] INFO  api-gateway-c.l.c.a.filters.AuthenticationFilter.lambda$apply$1 - Bearer eyJhbGciOiJIUzUxMiJ9.eyJzdWIiOiIxOSIsImVtYWlsIjoiYWRpdGlAZ21haS5jb20iLCJpYXQiOjE3NDcwODc3MTQsImV4cCI6MTc0NzA5MzcxNH0.fQ4U9OgkBFpYHVZb_UxFpiM-TcU5C2j_JuIY3E0m4BRxLKL2D-8twa0Pus6T5CNgXb0JCpS4yl_JwgT4LpMKDg
12-05-2025 23:37:57.717 [reactor-http-nio-3] [-] WARN  api-gateway-o.s.c.l.core.RoundRobinLoadBalancer.getInstanceResponse - No servers available for service: USER-PROFILE
12-05-2025 23:38:02.377 [reactor-http-nio-3] [-] INFO  api-gateway-c.l.c.a.filters.AuthenticationFilter.lambda$apply$1 - Login Request: http://localhost:8080/profile/core/user
12-05-2025 23:38:02.378 [reactor-http-nio-3] [-] INFO  api-gateway-c.l.c.a.filters.AuthenticationFilter.lambda$apply$1 - Bearer eyJhbGciOiJIUzUxMiJ9.eyJzdWIiOiIxOSIsImVtYWlsIjoiYWRpdGlAZ21haS5jb20iLCJpYXQiOjE3NDcwODc3MTQsImV4cCI6MTc0NzA5MzcxNH0.fQ4U9OgkBFpYHVZb_UxFpiM-TcU5C2j_JuIY3E0m4BRxLKL2D-8twa0Pus6T5CNgXb0JCpS4yl_JwgT4LpMKDg
12-05-2025 23:38:02.384 [reactor-http-nio-3] [-] WARN  api-gateway-o.s.c.l.core.RoundRobinLoadBalancer.getInstanceResponse - No servers available for service: USER-PROFILE
12-05-2025 23:42:53.028 [AsyncResolver-bootstrap-executor-%d] [-] INFO  api-gateway-c.n.d.s.r.aws.ConfigClusterResolver.getClusterEndpoints - Resolving eureka endpoints via configuration
12-05-2025 23:47:53.036 [AsyncResolver-bootstrap-executor-%d] [-] INFO  api-gateway-c.n.d.s.r.aws.ConfigClusterResolver.getClusterEndpoints - Resolving eureka endpoints via configuration
12-05-2025 23:52:53.039 [AsyncResolver-bootstrap-executor-%d] [-] INFO  api-gateway-c.n.d.s.r.aws.ConfigClusterResolver.getClusterEndpoints - Resolving eureka endpoints via configuration
12-05-2025 23:57:53.047 [AsyncResolver-bootstrap-executor-%d] [-] INFO  api-gateway-c.n.d.s.r.aws.ConfigClusterResolver.getClusterEndpoints - Resolving eureka endpoints via configuration
